{"/home/andreas/work/unexpected-messy/lib/unexpectedMessy.js":{"path":"/home/andreas/work/unexpected-messy/lib/unexpectedMessy.js","s":{"1":1,"2":1,"3":4,"4":4,"5":0,"6":4,"7":0,"8":4,"9":21,"10":0,"11":0,"12":21,"13":12,"14":12,"15":17,"16":17,"17":17,"18":12,"19":9,"20":8,"21":1,"22":1,"23":2,"24":1,"25":1,"26":4,"27":1,"28":1,"29":1,"30":162,"31":150,"32":12,"33":1,"34":122,"35":1,"36":4211,"37":0,"38":279,"39":279,"40":279,"41":344,"42":344,"43":256,"44":88,"45":344,"46":21,"47":21,"48":21,"49":1,"50":36,"51":36,"52":36,"53":21,"54":21,"55":31,"56":31,"57":33,"58":33,"59":22,"60":22,"61":31,"62":31,"63":11,"64":11,"65":11,"66":11,"67":4,"68":4,"69":4,"70":7,"71":21,"72":3,"73":3,"74":3,"75":3,"76":21,"77":79,"78":1,"79":78,"80":78,"81":69,"82":72,"83":4,"84":68,"85":69,"86":16,"87":19,"88":78,"89":104,"90":104,"91":33,"92":71,"93":74,"94":63,"95":11,"96":71,"97":71,"98":76,"99":0,"100":76,"101":82,"102":82,"103":71,"104":14,"105":18,"106":57,"107":57,"108":58,"109":78,"110":42,"111":41,"112":52,"113":52,"114":46,"115":46,"116":46,"117":52,"118":52,"119":52,"120":1,"121":86,"122":86,"123":86,"124":52,"125":52,"126":74,"127":74,"128":74,"129":74,"130":46,"131":46,"132":4,"133":4,"134":4,"135":4,"136":4,"137":74,"138":74,"139":70,"140":70,"141":70,"142":70,"143":42,"144":42,"145":2,"146":40,"147":40,"148":40,"149":40,"150":40,"151":40,"152":40,"153":34,"154":40,"155":40,"156":28,"157":0,"158":52,"159":14,"160":14,"161":12,"162":12,"163":12,"164":52,"165":4432,"166":0,"167":232,"168":232,"169":232,"170":200,"171":197,"172":200,"173":11,"174":22,"175":11,"176":189,"177":189,"178":95,"179":95,"180":55,"181":55,"182":40,"183":94,"184":16,"185":16,"186":16,"187":16,"188":16,"189":16,"190":16,"191":16,"192":0,"193":0,"194":0,"195":0,"196":0,"197":0,"198":0,"199":16,"200":106,"201":1,"202":105,"203":4,"204":106,"205":106,"206":50,"207":106,"208":42,"209":64,"210":4,"211":106,"212":101,"213":98,"214":101,"215":0,"216":101,"217":101,"218":6,"219":101,"220":101,"221":2,"222":101,"223":101,"224":1,"225":101,"226":101,"227":0,"228":101,"229":5,"230":9,"231":9,"232":101,"233":101,"234":7,"235":7,"236":7,"237":2,"238":5,"239":4,"240":2,"241":1,"242":1,"243":1,"244":106,"245":47,"246":46,"247":74,"248":74,"249":74,"250":42,"251":42,"252":42,"253":32,"254":74,"255":74,"256":32,"257":42,"258":32,"259":32,"260":10,"261":20,"262":20,"263":20,"264":10,"265":2,"266":8,"267":8,"268":0,"269":10,"270":20,"271":10,"272":22,"273":16,"274":6,"275":32,"276":2,"277":10,"278":2,"279":8,"280":0,"281":0,"282":0,"283":0,"284":74,"285":2,"286":2,"287":2,"288":2,"289":0,"290":74,"291":0,"292":0,"293":0,"294":0,"295":0,"296":0,"297":74,"298":2,"299":2,"300":2,"301":2,"302":2,"303":2,"304":74,"305":0,"306":0,"307":0,"308":0,"309":0,"310":0,"311":74,"312":10,"313":0,"314":0,"315":10,"316":6,"317":4,"318":4,"319":4,"320":2,"321":2,"322":2,"323":2,"324":2,"325":2,"326":2,"327":2,"328":2,"329":2,"330":2,"331":2,"332":0,"333":2,"334":74,"335":2,"336":1,"337":6,"338":0,"339":7,"340":4,"341":4658,"342":10,"343":146,"344":146,"345":134,"346":134,"347":146,"348":140,"349":140,"350":146,"351":120,"352":120,"353":120,"354":120,"355":120,"356":146,"357":10,"358":10,"359":4,"360":4,"361":12,"362":9,"363":4,"364":10,"365":42,"366":1,"367":42,"368":42,"369":42,"370":38,"371":4,"372":14,"373":26,"374":1,"375":26,"376":26,"377":194,"378":2,"379":24,"380":24,"381":26,"382":4757,"383":0,"384":68,"385":68,"386":68,"387":68,"388":58,"389":10,"390":1,"391":68,"392":7,"393":7,"394":7,"395":7,"396":31,"397":1,"398":31,"399":31,"400":31,"401":124,"402":31,"403":42,"404":31,"405":31,"406":31,"407":8,"408":31,"409":31,"410":124,"411":124,"412":9,"413":31,"414":21,"415":21,"416":36,"417":36,"418":36,"419":8,"420":8,"421":8,"422":8,"423":0,"424":0,"425":28,"426":14,"427":14,"428":14,"429":14,"430":0,"431":14,"432":36,"433":36,"434":18,"435":18,"436":18,"437":18,"438":0,"439":18,"440":36,"441":144,"442":144,"443":10,"444":2,"445":8,"446":2,"447":6,"448":6,"449":36,"450":4949,"451":10,"452":122,"453":122,"454":112,"455":112,"456":112,"457":112,"458":112,"459":122,"460":122,"461":122,"462":122,"463":122,"464":122,"465":10,"466":10,"467":9,"468":9,"469":27,"470":18,"471":9,"472":10,"473":37,"474":1,"475":37,"476":37,"477":37,"478":5,"479":32,"480":28,"481":4,"482":11,"483":20,"484":20,"485":6,"486":4,"487":4,"488":4,"489":2,"490":14,"491":66,"492":2,"493":12,"494":12,"495":10,"496":12,"497":20,"498":0,"499":5030,"500":60,"501":60,"502":60,"503":60,"504":58,"505":2,"506":1,"507":60,"508":7,"509":7,"510":7,"511":7,"512":7,"513":7,"514":7,"515":7,"516":21,"517":1,"518":21,"519":21,"520":21,"521":20,"522":21,"523":21,"524":8,"525":21,"526":21,"527":21,"528":13,"529":13,"530":20,"531":20,"532":20,"533":6,"534":6,"535":6,"536":6,"537":0,"538":14,"539":4,"540":4,"541":4,"542":4,"543":0,"544":10,"545":20,"546":20,"547":20,"548":20,"549":20,"550":20,"551":0,"552":0,"553":20,"554":0,"555":5095,"556":43,"557":43,"558":42,"559":1,"560":43,"561":43,"562":40,"563":3,"564":5,"565":5,"566":5,"567":16,"568":1,"569":16,"570":16,"571":11,"572":5,"573":16,"574":8,"575":8,"576":16,"577":9,"578":9,"579":18,"580":18,"581":18,"582":16,"583":16,"584":16,"585":16,"586":0,"587":2,"588":2,"589":0,"590":18,"591":18,"592":10,"593":10,"594":10,"595":10,"596":0,"597":8,"598":6,"599":2,"600":18,"601":0,"602":5130,"603":16,"604":19,"605":3,"606":19,"607":16,"608":3,"609":3,"610":6,"611":3,"612":6,"613":4,"614":2,"615":1,"616":1,"617":1,"618":1,"619":1,"620":1,"621":3,"622":7,"623":10,"624":1,"625":9,"626":0,"627":9,"628":10,"629":10,"630":7,"631":3,"632":2,"633":2,"634":2,"635":2,"636":10,"637":10,"638":9,"639":9,"640":0,"641":9,"642":7,"643":2,"644":2,"645":2,"646":10,"647":9,"648":11,"649":11,"650":9,"651":2,"652":2,"653":10,"654":7,"655":7,"656":14,"657":14,"658":14,"659":20,"660":6,"661":20,"662":20,"663":14,"664":14,"665":8,"666":6,"667":6,"668":0,"669":0,"670":6,"671":4,"672":4,"673":4,"674":2,"675":2,"676":2,"677":2,"678":14},"b":{"1":[0,4],"2":[0,4],"3":[4,4],"4":[0,21],"5":[12,9],"6":[21,21,13,13],"7":[17,0],"8":[8,1],"9":[9,1,1],"10":[2,2],"11":[150,12],"12":[4211,3982],"13":[256,88],"14":[24,12],"15":[36,15],"16":[22,11],"17":[11,20],"18":[4,7],"19":[0,4],"20":[0,7],"21":[0,3],"22":[1,78],"23":[5,73],"24":[78,75],"25":[69,9],"26":[78,75],"27":[5,64],"28":[4,68],"29":[72,65],"30":[16,53],"31":[33,71],"32":[104,71],"33":[63,11],"34":[74,72,68],"35":[0,76],"36":[14,57],"37":[64,22],"38":[86,34],"39":[4,48],"40":[52,52],"41":[46,28],"42":[4,42],"43":[70,4],"44":[42,28],"45":[2,40],"46":[0,2],"47":[40,0],"48":[2,38],"49":[40,6],"50":[34,6],"51":[0,28],"52":[0,0],"53":[12,2],"54":[0,12],"55":[4432,4203],"56":[200,32],"57":[197,3],"58":[11,189],"59":[95,94],"60":[55,40],"61":[16,0],"62":[16,0],"63":[16,0],"64":[0,0],"65":[0,0],"66":[1,105],"67":[4,101],"68":[105,101,101],"69":[50,56],"70":[42,64],"71":[4,60],"72":[101,5],"73":[106,106,106],"74":[98,61,55,53,52,52,7],"75":[0,101],"76":[6,95],"77":[2,99],"78":[1,100],"79":[0,101],"80":[5,96],"81":[101,7],"82":[7,94],"83":[2,5],"84":[4,1],"85":[1,0],"86":[1,1],"87":[42,32],"88":[42,0],"89":[74,36],"90":[74,36],"91":[32,42],"92":[32,10],"93":[10,22],"94":[20,10,2],"95":[20,2],"96":[10,10],"97":[20,16],"98":[2,8],"99":[0,8],"100":[0,0],"101":[16,6],"102":[2,30],"103":[2,0],"104":[2,8],"105":[2,0],"106":[0,8],"107":[8,0],"108":[0,0],"109":[2,72],"110":[74,70],"111":[0,2],"112":[0,74],"113":[74,70],"114":[0,0],"115":[2,72],"116":[74,70],"117":[2,0],"118":[0,74],"119":[74,70],"120":[0,0],"121":[10,64],"122":[0,10],"123":[6,4],"124":[4,2],"125":[2,2],"126":[2,0],"127":[2,0],"128":[2,2],"129":[2,0],"130":[0,2],"131":[4658,4429],"132":[134,12],"133":[140,6],"134":[12,128],"135":[120,26],"136":[146,26],"137":[0,120],"138":[120,0],"139":[120,0],"140":[4,6],"141":[9,3],"142":[12,7],"143":[1,41],"144":[38,4],"145":[42,42],"146":[1,25],"147":[2,24],"148":[194,194],"149":[0,2],"150":[4757,4528],"151":[58,10],"152":[1,9],"153":[1,30],"154":[8,23],"155":[9,115],"156":[8,28],"157":[8,0],"158":[14,14],"159":[14,0],"160":[18,18],"161":[18,0],"162":[144,10],"163":[10,134],"164":[2,8],"165":[10,6],"166":[2,6],"167":[8,4],"168":[4949,4720],"169":[112,10],"170":[122,10],"171":[112,0],"172":[112,0],"173":[122,0],"174":[10,112],"175":[122,0],"176":[0,122],"177":[9,1],"178":[18,9],"179":[27,27,18],"180":[1,36],"181":[5,32],"182":[37,35],"183":[28,4],"184":[32,32],"185":[6,14],"186":[20,18],"187":[4,2],"188":[4,0],"189":[2,0],"190":[2,12],"191":[66,66],"192":[0,2],"193":[10,2],"194":[12,10],"195":[5030,4801],"196":[58,2],"197":[1,1],"198":[7,0],"199":[7,7],"200":[1,20],"201":[8,13],"202":[6,14],"203":[6,0],"204":[4,10],"205":[4,0],"206":[20,0],"207":[20,0],"208":[5095,4866],"209":[42,1],"210":[40,3],"211":[1,15],"212":[11,5],"213":[8,8],"214":[16,2],"215":[16,0],"216":[2,0],"217":[10,8],"218":[10,0],"219":[6,2],"220":[5130,4901],"221":[3,16],"222":[3,3],"223":[4,2],"224":[6,5],"225":[1,1],"226":[1,9],"227":[0,9],"228":[9,9,9],"229":[9,0],"230":[7,3],"231":[2,1],"232":[3,2],"233":[2,0],"234":[9,1],"235":[0,9],"236":[7,2],"237":[2,0],"238":[2,2],"239":[9,1],"240":[10,10,9],"241":[9,2],"242":[6,14],"243":[20,18,10],"244":[20,10],"245":[14,6],"246":[20,16],"247":[14,0],"248":[14,14],"249":[8,6],"250":[0,6],"251":[0,0],"252":[4,2],"253":[2,2],"254":[4,2]},"f":{"1":4,"2":21,"3":0,"4":17,"5":1,"6":162,"7":122,"8":4211,"9":0,"10":279,"11":279,"12":344,"13":344,"14":21,"15":21,"16":36,"17":31,"18":3,"19":3,"20":79,"21":78,"22":72,"23":19,"24":104,"25":74,"26":76,"27":82,"28":82,"29":18,"30":57,"31":58,"32":42,"33":41,"34":52,"35":46,"36":46,"37":52,"38":86,"39":74,"40":40,"41":14,"42":14,"43":4432,"44":0,"45":232,"46":232,"47":22,"48":16,"49":16,"50":106,"51":106,"52":106,"53":98,"54":101,"55":101,"56":101,"57":101,"58":9,"59":9,"60":101,"61":1,"62":47,"63":46,"64":74,"65":74,"66":20,"67":0,"68":2,"69":0,"70":0,"71":4,"72":2,"73":2,"74":2,"75":2,"76":2,"77":1,"78":6,"79":0,"80":7,"81":4,"82":4658,"83":10,"84":146,"85":10,"86":12,"87":42,"88":42,"89":14,"90":26,"91":194,"92":4757,"93":0,"94":68,"95":68,"96":7,"97":7,"98":31,"99":124,"100":42,"101":31,"102":31,"103":31,"104":124,"105":124,"106":21,"107":21,"108":36,"109":36,"110":0,"111":144,"112":6,"113":4949,"114":10,"115":122,"116":10,"117":27,"118":37,"119":37,"120":11,"121":20,"122":66,"123":0,"124":5030,"125":60,"126":60,"127":7,"128":7,"129":21,"130":20,"131":21,"132":21,"133":21,"134":13,"135":13,"136":20,"137":20,"138":0,"139":5095,"140":43,"141":43,"142":5,"143":5,"144":16,"145":16,"146":16,"147":9,"148":9,"149":18,"150":18,"151":0,"152":5130,"153":16,"154":19,"155":3,"156":3,"157":1,"158":1,"159":1,"160":1,"161":7,"162":10,"163":2,"164":10,"165":2,"166":11,"167":11,"168":7,"169":7,"170":14,"171":14,"172":4,"173":2},"fnMap":{"1":{"name":"convertSatisfySpecToInstance","line":63,"loc":{"start":{"line":63,"column":0},"end":{"line":63,"column":56}}},"2":{"name":"traverse","line":71,"loc":{"start":{"line":71,"column":36},"end":{"line":71,"column":65}}},"3":{"name":"(anonymous_3)","line":73,"loc":{"start":{"line":73,"column":31},"end":{"line":73,"column":50}}},"4":{"name":"(anonymous_4)","line":78,"loc":{"start":{"line":78,"column":41},"end":{"line":78,"column":56}}},"5":{"name":"unexpectedMessy","line":102,"loc":{"start":{"line":102,"column":17},"end":{"line":102,"column":50}}},"6":{"name":"(anonymous_6)","line":105,"loc":{"start":{"line":105,"column":51},"end":{"line":105,"column":68}}},"7":{"name":"(anonymous_7)","line":113,"loc":{"start":{"line":113,"column":46},"end":{"line":113,"column":69}}},"8":{"name":"(anonymous_8)","line":121,"loc":{"start":{"line":121,"column":22},"end":{"line":121,"column":37}}},"9":{"name":"(anonymous_9)","line":124,"loc":{"start":{"line":124,"column":19},"end":{"line":124,"column":49}}},"10":{"name":"(anonymous_10)","line":127,"loc":{"start":{"line":127,"column":21},"end":{"line":127,"column":64}}},"11":{"name":"(anonymous_11)","line":128,"loc":{"start":{"line":128,"column":29},"end":{"line":128,"column":41}}},"12":{"name":"(anonymous_12)","line":130,"loc":{"start":{"line":130,"column":47},"end":{"line":130,"column":69}}},"13":{"name":"(anonymous_13)","line":131,"loc":{"start":{"line":131,"column":65},"end":{"line":131,"column":88}}},"14":{"name":"(anonymous_14)","line":145,"loc":{"start":{"line":145,"column":18},"end":{"line":145,"column":76}}},"15":{"name":"(anonymous_15)","line":146,"loc":{"start":{"line":146,"column":29},"end":{"line":146,"column":41}}},"16":{"name":"outputHeader","line":149,"loc":{"start":{"line":149,"column":20},"end":{"line":149,"column":79}}},"17":{"name":"(anonymous_17)","line":160,"loc":{"start":{"line":160,"column":46},"end":{"line":160,"column":68}}},"18":{"name":"(anonymous_18)","line":189,"loc":{"start":{"line":189,"column":64},"end":{"line":189,"column":86}}},"19":{"name":"(anonymous_19)","line":190,"loc":{"start":{"line":190,"column":76},"end":{"line":190,"column":99}}},"20":{"name":"(anonymous_20)","line":200,"loc":{"start":{"line":200,"column":68},"end":{"line":200,"column":102}}},"21":{"name":"(anonymous_21)","line":207,"loc":{"start":{"line":207,"column":51},"end":{"line":207,"column":63}}},"22":{"name":"(anonymous_22)","line":209,"loc":{"start":{"line":209,"column":99},"end":{"line":209,"column":121}}},"23":{"name":"(anonymous_23)","line":218,"loc":{"start":{"line":218,"column":55},"end":{"line":218,"column":77}}},"24":{"name":"(anonymous_24)","line":226,"loc":{"start":{"line":226,"column":39},"end":{"line":226,"column":61}}},"25":{"name":"(anonymous_25)","line":231,"loc":{"start":{"line":231,"column":48},"end":{"line":231,"column":71}}},"26":{"name":"(anonymous_26)","line":239,"loc":{"start":{"line":239,"column":51},"end":{"line":239,"column":74}}},"27":{"name":"(anonymous_27)","line":244,"loc":{"start":{"line":244,"column":78},"end":{"line":244,"column":101}}},"28":{"name":"(anonymous_28)","line":245,"loc":{"start":{"line":245,"column":50},"end":{"line":245,"column":62}}},"29":{"name":"(anonymous_29)","line":254,"loc":{"start":{"line":254,"column":63},"end":{"line":254,"column":86}}},"30":{"name":"(anonymous_30)","line":260,"loc":{"start":{"line":260,"column":41},"end":{"line":260,"column":67}}},"31":{"name":"(anonymous_31)","line":261,"loc":{"start":{"line":261,"column":93},"end":{"line":261,"column":116}}},"32":{"name":"(anonymous_32)","line":269,"loc":{"start":{"line":269,"column":59},"end":{"line":269,"column":71}}},"33":{"name":"(anonymous_33)","line":270,"loc":{"start":{"line":270,"column":64},"end":{"line":270,"column":84}}},"34":{"name":"(anonymous_34)","line":272,"loc":{"start":{"line":272,"column":30},"end":{"line":272,"column":70}}},"35":{"name":"(anonymous_35)","line":274,"loc":{"start":{"line":274,"column":89},"end":{"line":274,"column":111}}},"36":{"name":"(anonymous_36)","line":276,"loc":{"start":{"line":276,"column":105},"end":{"line":276,"column":128}}},"37":{"name":"(anonymous_37)","line":280,"loc":{"start":{"line":280,"column":41},"end":{"line":280,"column":53}}},"38":{"name":"outputHeader","line":283,"loc":{"start":{"line":283,"column":32},"end":{"line":283,"column":91}}},"39":{"name":"(anonymous_39)","line":294,"loc":{"start":{"line":294,"column":59},"end":{"line":294,"column":81}}},"40":{"name":"(anonymous_40)","line":328,"loc":{"start":{"line":328,"column":77},"end":{"line":328,"column":89}}},"41":{"name":"(anonymous_41)","line":347,"loc":{"start":{"line":347,"column":76},"end":{"line":347,"column":98}}},"42":{"name":"(anonymous_42)","line":348,"loc":{"start":{"line":348,"column":88},"end":{"line":348,"column":111}}},"43":{"name":"(anonymous_43)","line":366,"loc":{"start":{"line":366,"column":22},"end":{"line":366,"column":37}}},"44":{"name":"(anonymous_44)","line":369,"loc":{"start":{"line":369,"column":19},"end":{"line":369,"column":49}}},"45":{"name":"(anonymous_45)","line":372,"loc":{"start":{"line":372,"column":21},"end":{"line":372,"column":64}}},"46":{"name":"(anonymous_46)","line":373,"loc":{"start":{"line":373,"column":36},"end":{"line":373,"column":48}}},"47":{"name":"(anonymous_47)","line":380,"loc":{"start":{"line":380,"column":50},"end":{"line":380,"column":66}}},"48":{"name":"(anonymous_48)","line":406,"loc":{"start":{"line":406,"column":18},"end":{"line":406,"column":76}}},"49":{"name":"(anonymous_49)","line":407,"loc":{"start":{"line":407,"column":29},"end":{"line":407,"column":41}}},"50":{"name":"(anonymous_50)","line":435,"loc":{"start":{"line":435,"column":68},"end":{"line":435,"column":102}}},"51":{"name":"(anonymous_51)","line":444,"loc":{"start":{"line":444,"column":44},"end":{"line":444,"column":56}}},"52":{"name":"(anonymous_52)","line":449,"loc":{"start":{"line":449,"column":41},"end":{"line":449,"column":53}}},"53":{"name":"(anonymous_53)","line":459,"loc":{"start":{"line":459,"column":64},"end":{"line":459,"column":79}}},"54":{"name":"(anonymous_54)","line":466,"loc":{"start":{"line":466,"column":55},"end":{"line":466,"column":67}}},"55":{"name":"(anonymous_55)","line":471,"loc":{"start":{"line":471,"column":54},"end":{"line":471,"column":66}}},"56":{"name":"(anonymous_56)","line":476,"loc":{"start":{"line":476,"column":60},"end":{"line":476,"column":72}}},"57":{"name":"(anonymous_57)","line":481,"loc":{"start":{"line":481,"column":51},"end":{"line":481,"column":63}}},"58":{"name":"(anonymous_58)","line":488,"loc":{"start":{"line":488,"column":53},"end":{"line":488,"column":68}}},"59":{"name":"(anonymous_59)","line":489,"loc":{"start":{"line":489,"column":59},"end":{"line":489,"column":71}}},"60":{"name":"(anonymous_60)","line":495,"loc":{"start":{"line":495,"column":52},"end":{"line":495,"column":64}}},"61":{"name":"(anonymous_61)","line":505,"loc":{"start":{"line":505,"column":61},"end":{"line":505,"column":76}}},"62":{"name":"(anonymous_62)","line":513,"loc":{"start":{"line":513,"column":59},"end":{"line":513,"column":71}}},"63":{"name":"(anonymous_63)","line":514,"loc":{"start":{"line":514,"column":64},"end":{"line":514,"column":76}}},"64":{"name":"(anonymous_64)","line":516,"loc":{"start":{"line":516,"column":30},"end":{"line":516,"column":70}}},"65":{"name":"(anonymous_65)","line":517,"loc":{"start":{"line":517,"column":41},"end":{"line":517,"column":53}}},"66":{"name":"(anonymous_66)","line":535,"loc":{"start":{"line":535,"column":62},"end":{"line":535,"column":81}}},"67":{"name":"(anonymous_67)","line":586,"loc":{"start":{"line":586,"column":64},"end":{"line":586,"column":76}}},"68":{"name":"(anonymous_68)","line":597,"loc":{"start":{"line":597,"column":64},"end":{"line":597,"column":76}}},"69":{"name":"(anonymous_69)","line":607,"loc":{"start":{"line":607,"column":64},"end":{"line":607,"column":76}}},"70":{"name":"(anonymous_70)","line":617,"loc":{"start":{"line":617,"column":68},"end":{"line":617,"column":80}}},"71":{"name":"(anonymous_71)","line":623,"loc":{"start":{"line":623,"column":72},"end":{"line":623,"column":84}}},"72":{"name":"(anonymous_72)","line":630,"loc":{"start":{"line":630,"column":72},"end":{"line":630,"column":84}}},"73":{"name":"(anonymous_73)","line":635,"loc":{"start":{"line":635,"column":96},"end":{"line":635,"column":114}}},"74":{"name":"(anonymous_74)","line":639,"loc":{"start":{"line":639,"column":72},"end":{"line":639,"column":84}}},"75":{"name":"(anonymous_75)","line":641,"loc":{"start":{"line":641,"column":74},"end":{"line":641,"column":95}}},"76":{"name":"(anonymous_76)","line":658,"loc":{"start":{"line":658,"column":70},"end":{"line":658,"column":104}}},"77":{"name":"(anonymous_77)","line":661,"loc":{"start":{"line":661,"column":76},"end":{"line":661,"column":110}}},"78":{"name":"(anonymous_78)","line":664,"loc":{"start":{"line":664,"column":71},"end":{"line":664,"column":105}}},"79":{"name":"(anonymous_79)","line":667,"loc":{"start":{"line":667,"column":66},"end":{"line":667,"column":100}}},"80":{"name":"(anonymous_80)","line":670,"loc":{"start":{"line":670,"column":74},"end":{"line":670,"column":101}}},"81":{"name":"(anonymous_81)","line":673,"loc":{"start":{"line":673,"column":72},"end":{"line":673,"column":106}}},"82":{"name":"(anonymous_82)","line":679,"loc":{"start":{"line":679,"column":22},"end":{"line":679,"column":37}}},"83":{"name":"(anonymous_83)","line":682,"loc":{"start":{"line":682,"column":19},"end":{"line":682,"column":57}}},"84":{"name":"(anonymous_84)","line":685,"loc":{"start":{"line":685,"column":21},"end":{"line":685,"column":68}}},"85":{"name":"(anonymous_85)","line":708,"loc":{"start":{"line":708,"column":18},"end":{"line":708,"column":76}}},"86":{"name":"(anonymous_86)","line":712,"loc":{"start":{"line":712,"column":58},"end":{"line":712,"column":82}}},"87":{"name":"(anonymous_87)","line":722,"loc":{"start":{"line":722,"column":72},"end":{"line":722,"column":106}}},"88":{"name":"(anonymous_88)","line":727,"loc":{"start":{"line":727,"column":34},"end":{"line":727,"column":46}}},"89":{"name":"(anonymous_89)","line":733,"loc":{"start":{"line":733,"column":22},"end":{"line":733,"column":34}}},"90":{"name":"(anonymous_90)","line":735,"loc":{"start":{"line":735,"column":26},"end":{"line":735,"column":66}}},"91":{"name":"(anonymous_91)","line":740,"loc":{"start":{"line":740,"column":65},"end":{"line":740,"column":89}}},"92":{"name":"(anonymous_92)","line":756,"loc":{"start":{"line":756,"column":22},"end":{"line":756,"column":37}}},"93":{"name":"(anonymous_93)","line":759,"loc":{"start":{"line":759,"column":19},"end":{"line":759,"column":57}}},"94":{"name":"(anonymous_94)","line":762,"loc":{"start":{"line":762,"column":21},"end":{"line":762,"column":68}}},"95":{"name":"(anonymous_95)","line":764,"loc":{"start":{"line":764,"column":36},"end":{"line":764,"column":48}}},"96":{"name":"(anonymous_96)","line":774,"loc":{"start":{"line":774,"column":18},"end":{"line":774,"column":76}}},"97":{"name":"(anonymous_97)","line":776,"loc":{"start":{"line":776,"column":29},"end":{"line":776,"column":41}}},"98":{"name":"(anonymous_98)","line":785,"loc":{"start":{"line":785,"column":72},"end":{"line":785,"column":106}}},"99":{"name":"(anonymous_99)","line":793,"loc":{"start":{"line":793,"column":60},"end":{"line":793,"column":92}}},"100":{"name":"(anonymous_100)","line":796,"loc":{"start":{"line":796,"column":49},"end":{"line":796,"column":75}}},"101":{"name":"(anonymous_101)","line":800,"loc":{"start":{"line":800,"column":40},"end":{"line":800,"column":52}}},"102":{"name":"(anonymous_102)","line":803,"loc":{"start":{"line":803,"column":44},"end":{"line":803,"column":56}}},"103":{"name":"(anonymous_103)","line":808,"loc":{"start":{"line":808,"column":48},"end":{"line":808,"column":60}}},"104":{"name":"(anonymous_104)","line":814,"loc":{"start":{"line":814,"column":60},"end":{"line":814,"column":92}}},"105":{"name":"(anonymous_105)","line":815,"loc":{"start":{"line":815,"column":68},"end":{"line":815,"column":80}}},"106":{"name":"(anonymous_106)","line":822,"loc":{"start":{"line":822,"column":59},"end":{"line":822,"column":71}}},"107":{"name":"(anonymous_107)","line":823,"loc":{"start":{"line":823,"column":64},"end":{"line":823,"column":76}}},"108":{"name":"(anonymous_108)","line":825,"loc":{"start":{"line":825,"column":30},"end":{"line":825,"column":70}}},"109":{"name":"(anonymous_109)","line":826,"loc":{"start":{"line":826,"column":41},"end":{"line":826,"column":53}}},"110":{"name":"(anonymous_110)","line":835,"loc":{"start":{"line":835,"column":63},"end":{"line":835,"column":75}}},"111":{"name":"(anonymous_111)","line":862,"loc":{"start":{"line":862,"column":80},"end":{"line":862,"column":112}}},"112":{"name":"(anonymous_112)","line":870,"loc":{"start":{"line":870,"column":72},"end":{"line":870,"column":84}}},"113":{"name":"(anonymous_113)","line":886,"loc":{"start":{"line":886,"column":22},"end":{"line":886,"column":37}}},"114":{"name":"(anonymous_114)","line":889,"loc":{"start":{"line":889,"column":19},"end":{"line":889,"column":55}}},"115":{"name":"(anonymous_115)","line":892,"loc":{"start":{"line":892,"column":21},"end":{"line":892,"column":67}}},"116":{"name":"(anonymous_116)","line":915,"loc":{"start":{"line":915,"column":18},"end":{"line":915,"column":76}}},"117":{"name":"(anonymous_117)","line":919,"loc":{"start":{"line":919,"column":72},"end":{"line":919,"column":96}}},"118":{"name":"(anonymous_118)","line":929,"loc":{"start":{"line":929,"column":71},"end":{"line":929,"column":105}}},"119":{"name":"(anonymous_119)","line":934,"loc":{"start":{"line":934,"column":36},"end":{"line":934,"column":48}}},"120":{"name":"(anonymous_120)","line":942,"loc":{"start":{"line":942,"column":15},"end":{"line":942,"column":30}}},"121":{"name":"(anonymous_121)","line":944,"loc":{"start":{"line":944,"column":26},"end":{"line":944,"column":66}}},"122":{"name":"(anonymous_122)","line":955,"loc":{"start":{"line":955,"column":71},"end":{"line":955,"column":95}}},"123":{"name":"(anonymous_123)","line":974,"loc":{"start":{"line":974,"column":19},"end":{"line":974,"column":59}}},"124":{"name":"(anonymous_124)","line":977,"loc":{"start":{"line":977,"column":22},"end":{"line":977,"column":37}}},"125":{"name":"(anonymous_125)","line":980,"loc":{"start":{"line":980,"column":21},"end":{"line":980,"column":69}}},"126":{"name":"(anonymous_126)","line":982,"loc":{"start":{"line":982,"column":36},"end":{"line":982,"column":48}}},"127":{"name":"(anonymous_127)","line":992,"loc":{"start":{"line":992,"column":18},"end":{"line":992,"column":76}}},"128":{"name":"(anonymous_128)","line":994,"loc":{"start":{"line":994,"column":29},"end":{"line":994,"column":41}}},"129":{"name":"(anonymous_129)","line":1009,"loc":{"start":{"line":1009,"column":73},"end":{"line":1009,"column":107}}},"130":{"name":"(anonymous_130)","line":1017,"loc":{"start":{"line":1017,"column":48},"end":{"line":1017,"column":73}}},"131":{"name":"(anonymous_131)","line":1021,"loc":{"start":{"line":1021,"column":43},"end":{"line":1021,"column":55}}},"132":{"name":"(anonymous_132)","line":1026,"loc":{"start":{"line":1026,"column":47},"end":{"line":1026,"column":59}}},"133":{"name":"(anonymous_133)","line":1030,"loc":{"start":{"line":1030,"column":40},"end":{"line":1030,"column":52}}},"134":{"name":"(anonymous_134)","line":1035,"loc":{"start":{"line":1035,"column":59},"end":{"line":1035,"column":71}}},"135":{"name":"(anonymous_135)","line":1036,"loc":{"start":{"line":1036,"column":64},"end":{"line":1036,"column":76}}},"136":{"name":"(anonymous_136)","line":1038,"loc":{"start":{"line":1038,"column":30},"end":{"line":1038,"column":70}}},"137":{"name":"(anonymous_137)","line":1039,"loc":{"start":{"line":1039,"column":41},"end":{"line":1039,"column":53}}},"138":{"name":"(anonymous_138)","line":1083,"loc":{"start":{"line":1083,"column":19},"end":{"line":1083,"column":59}}},"139":{"name":"(anonymous_139)","line":1086,"loc":{"start":{"line":1086,"column":22},"end":{"line":1086,"column":37}}},"140":{"name":"(anonymous_140)","line":1089,"loc":{"start":{"line":1089,"column":21},"end":{"line":1089,"column":69}}},"141":{"name":"(anonymous_141)","line":1090,"loc":{"start":{"line":1090,"column":36},"end":{"line":1090,"column":48}}},"142":{"name":"(anonymous_142)","line":1104,"loc":{"start":{"line":1104,"column":18},"end":{"line":1104,"column":76}}},"143":{"name":"(anonymous_143)","line":1105,"loc":{"start":{"line":1105,"column":29},"end":{"line":1105,"column":41}}},"144":{"name":"(anonymous_144)","line":1114,"loc":{"start":{"line":1114,"column":73},"end":{"line":1114,"column":107}}},"145":{"name":"(anonymous_145)","line":1120,"loc":{"start":{"line":1120,"column":44},"end":{"line":1120,"column":56}}},"146":{"name":"(anonymous_146)","line":1127,"loc":{"start":{"line":1127,"column":45},"end":{"line":1127,"column":57}}},"147":{"name":"(anonymous_147)","line":1135,"loc":{"start":{"line":1135,"column":59},"end":{"line":1135,"column":71}}},"148":{"name":"(anonymous_148)","line":1136,"loc":{"start":{"line":1136,"column":64},"end":{"line":1136,"column":76}}},"149":{"name":"(anonymous_149)","line":1138,"loc":{"start":{"line":1138,"column":30},"end":{"line":1138,"column":70}}},"150":{"name":"(anonymous_150)","line":1139,"loc":{"start":{"line":1139,"column":41},"end":{"line":1139,"column":53}}},"151":{"name":"(anonymous_151)","line":1179,"loc":{"start":{"line":1179,"column":19},"end":{"line":1179,"column":67}}},"152":{"name":"(anonymous_152)","line":1182,"loc":{"start":{"line":1182,"column":22},"end":{"line":1182,"column":37}}},"153":{"name":"(anonymous_153)","line":1185,"loc":{"start":{"line":1185,"column":21},"end":{"line":1185,"column":73}}},"154":{"name":"(anonymous_154)","line":1186,"loc":{"start":{"line":1186,"column":51},"end":{"line":1186,"column":78}}},"155":{"name":"(anonymous_155)","line":1194,"loc":{"start":{"line":1194,"column":18},"end":{"line":1194,"column":76}}},"156":{"name":"(anonymous_156)","line":1195,"loc":{"start":{"line":1195,"column":29},"end":{"line":1195,"column":41}}},"157":{"name":"(anonymous_157)","line":1203,"loc":{"start":{"line":1203,"column":39},"end":{"line":1203,"column":51}}},"158":{"name":"(anonymous_158)","line":1205,"loc":{"start":{"line":1205,"column":54},"end":{"line":1205,"column":66}}},"159":{"name":"(anonymous_159)","line":1211,"loc":{"start":{"line":1211,"column":39},"end":{"line":1211,"column":51}}},"160":{"name":"(anonymous_160)","line":1213,"loc":{"start":{"line":1213,"column":54},"end":{"line":1213,"column":66}}},"161":{"name":"(anonymous_161)","line":1223,"loc":{"start":{"line":1223,"column":85},"end":{"line":1223,"column":119}}},"162":{"name":"(anonymous_162)","line":1226,"loc":{"start":{"line":1226,"column":77},"end":{"line":1226,"column":111}}},"163":{"name":"(anonymous_163)","line":1241,"loc":{"start":{"line":1241,"column":63},"end":{"line":1241,"column":78}}},"164":{"name":"(anonymous_164)","line":1248,"loc":{"start":{"line":1248,"column":42},"end":{"line":1248,"column":54}}},"165":{"name":"(anonymous_165)","line":1256,"loc":{"start":{"line":1256,"column":65},"end":{"line":1256,"column":80}}},"166":{"name":"(anonymous_166)","line":1265,"loc":{"start":{"line":1265,"column":53},"end":{"line":1265,"column":71}}},"167":{"name":"(anonymous_167)","line":1266,"loc":{"start":{"line":1266,"column":55},"end":{"line":1266,"column":67}}},"168":{"name":"(anonymous_168)","line":1277,"loc":{"start":{"line":1277,"column":59},"end":{"line":1277,"column":71}}},"169":{"name":"(anonymous_169)","line":1278,"loc":{"start":{"line":1278,"column":64},"end":{"line":1278,"column":76}}},"170":{"name":"(anonymous_170)","line":1280,"loc":{"start":{"line":1280,"column":30},"end":{"line":1280,"column":70}}},"171":{"name":"(anonymous_171)","line":1281,"loc":{"start":{"line":1281,"column":41},"end":{"line":1281,"column":53}}},"172":{"name":"(anonymous_172)","line":1304,"loc":{"start":{"line":1304,"column":63},"end":{"line":1304,"column":75}}},"173":{"name":"(anonymous_173)","line":1313,"loc":{"start":{"line":1313,"column":63},"end":{"line":1313,"column":75}}}},"statementMap":{"1":{"start":{"line":1,"column":0},"end":{"line":61,"column":6}},"2":{"start":{"line":63,"column":0},"end":{"line":98,"column":1}},"3":{"start":{"line":64,"column":4},"end":{"line":65,"column":17}},"4":{"start":{"line":66,"column":4},"end":{"line":96,"column":5}},"5":{"start":{"line":67,"column":8},"end":{"line":67,"column":23}},"6":{"start":{"line":68,"column":11},"end":{"line":96,"column":5}},"7":{"start":{"line":69,"column":8},"end":{"line":69,"column":40}},"8":{"start":{"line":71,"column":8},"end":{"line":95,"column":21}},"9":{"start":{"line":72,"column":12},"end":{"line":94,"column":13}},"10":{"start":{"line":73,"column":16},"end":{"line":75,"column":19}},"11":{"start":{"line":74,"column":20},"end":{"line":74,"column":58}},"12":{"start":{"line":76,"column":19},"end":{"line":94,"column":13}},"13":{"start":{"line":77,"column":16},"end":{"line":77,"column":32}},"14":{"start":{"line":78,"column":16},"end":{"line":83,"column":19}},"15":{"start":{"line":79,"column":20},"end":{"line":79,"column":67}},"16":{"start":{"line":80,"column":20},"end":{"line":82,"column":21}},"17":{"start":{"line":81,"column":24},"end":{"line":81,"column":42}},"18":{"start":{"line":84,"column":16},"end":{"line":84,"column":30}},"19":{"start":{"line":85,"column":19},"end":{"line":94,"column":13}},"20":{"start":{"line":86,"column":16},"end":{"line":86,"column":27}},"21":{"start":{"line":88,"column":16},"end":{"line":88,"column":52}},"22":{"start":{"line":89,"column":16},"end":{"line":91,"column":17}},"23":{"start":{"line":90,"column":20},"end":{"line":90,"column":104}},"24":{"start":{"line":92,"column":16},"end":{"line":92,"column":63}},"25":{"start":{"line":93,"column":16},"end":{"line":93,"column":26}},"26":{"start":{"line":97,"column":4},"end":{"line":97,"column":60}},"27":{"start":{"line":100,"column":0},"end":{"line":1326,"column":2}},"28":{"start":{"line":103,"column":8},"end":{"line":103,"column":36}},"29":{"start":{"line":105,"column":8},"end":{"line":111,"column":11}},"30":{"start":{"line":106,"column":12},"end":{"line":110,"column":13}},"31":{"start":{"line":107,"column":16},"end":{"line":107,"column":41}},"32":{"start":{"line":109,"column":16},"end":{"line":109,"column":51}},"33":{"start":{"line":113,"column":8},"end":{"line":116,"column":11}},"34":{"start":{"line":114,"column":12},"end":{"line":115,"column":51}},"35":{"start":{"line":118,"column":8},"end":{"line":1324,"column":11}},"36":{"start":{"line":122,"column":16},"end":{"line":122,"column":49}},"37":{"start":{"line":125,"column":16},"end":{"line":125,"column":49}},"38":{"start":{"line":128,"column":16},"end":{"line":143,"column":19}},"39":{"start":{"line":129,"column":20},"end":{"line":129,"column":39}},"40":{"start":{"line":130,"column":20},"end":{"line":142,"column":29}},"41":{"start":{"line":131,"column":24},"end":{"line":141,"column":33}},"42":{"start":{"line":132,"column":28},"end":{"line":136,"column":29}},"43":{"start":{"line":133,"column":32},"end":{"line":133,"column":48}},"44":{"start":{"line":135,"column":32},"end":{"line":135,"column":42}},"45":{"start":{"line":137,"column":28},"end":{"line":140,"column":59}},"46":{"start":{"line":146,"column":16},"end":{"line":196,"column":19}},"47":{"start":{"line":147,"column":20},"end":{"line":147,"column":38}},"48":{"start":{"line":148,"column":20},"end":{"line":148,"column":45}},"49":{"start":{"line":149,"column":20},"end":{"line":155,"column":21}},"50":{"start":{"line":150,"column":24},"end":{"line":152,"column":54}},"51":{"start":{"line":153,"column":24},"end":{"line":153,"column":46}},"52":{"start":{"line":154,"column":24},"end":{"line":154,"column":38}},"53":{"start":{"line":157,"column":20},"end":{"line":158,"column":64}},"54":{"start":{"line":160,"column":20},"end":{"line":187,"column":23}},"55":{"start":{"line":162,"column":24},"end":{"line":164,"column":30}},"56":{"start":{"line":165,"column":24},"end":{"line":171,"column":25}},"57":{"start":{"line":166,"column":28},"end":{"line":166,"column":70}},"58":{"start":{"line":167,"column":28},"end":{"line":170,"column":29}},"59":{"start":{"line":168,"column":32},"end":{"line":168,"column":93}},"60":{"start":{"line":169,"column":32},"end":{"line":169,"column":76}},"61":{"start":{"line":173,"column":24},"end":{"line":173,"column":87}},"62":{"start":{"line":174,"column":24},"end":{"line":186,"column":25}},"63":{"start":{"line":175,"column":28},"end":{"line":185,"column":29}},"64":{"start":{"line":176,"column":32},"end":{"line":176,"column":74}},"65":{"start":{"line":177,"column":32},"end":{"line":177,"column":76}},"66":{"start":{"line":178,"column":32},"end":{"line":184,"column":33}},"67":{"start":{"line":179,"column":36},"end":{"line":179,"column":103}},"68":{"start":{"line":180,"column":36},"end":{"line":180,"column":129}},"69":{"start":{"line":181,"column":36},"end":{"line":181,"column":101}},"70":{"start":{"line":183,"column":36},"end":{"line":183,"column":110}},"71":{"start":{"line":189,"column":20},"end":{"line":195,"column":23}},"72":{"start":{"line":190,"column":24},"end":{"line":194,"column":27}},"73":{"start":{"line":191,"column":28},"end":{"line":191,"column":82}},"74":{"start":{"line":192,"column":28},"end":{"line":192,"column":50}},"75":{"start":{"line":193,"column":28},"end":{"line":193,"column":72}},"76":{"start":{"line":197,"column":16},"end":{"line":197,"column":54}},"77":{"start":{"line":201,"column":12},"end":{"line":203,"column":13}},"78":{"start":{"line":202,"column":16},"end":{"line":202,"column":69}},"79":{"start":{"line":204,"column":12},"end":{"line":225,"column":61}},"80":{"start":{"line":208,"column":24},"end":{"line":216,"column":25}},"81":{"start":{"line":209,"column":28},"end":{"line":215,"column":31}},"82":{"start":{"line":210,"column":32},"end":{"line":214,"column":33}},"83":{"start":{"line":211,"column":36},"end":{"line":211,"column":83}},"84":{"start":{"line":213,"column":36},"end":{"line":213,"column":82}},"85":{"start":{"line":217,"column":24},"end":{"line":221,"column":25}},"86":{"start":{"line":218,"column":28},"end":{"line":220,"column":31}},"87":{"start":{"line":219,"column":32},"end":{"line":219,"column":86}},"88":{"start":{"line":226,"column":12},"end":{"line":267,"column":15}},"89":{"start":{"line":227,"column":16},"end":{"line":227,"column":70}},"90":{"start":{"line":228,"column":16},"end":{"line":230,"column":17}},"91":{"start":{"line":229,"column":20},"end":{"line":229,"column":27}},"92":{"start":{"line":231,"column":16},"end":{"line":237,"column":19}},"93":{"start":{"line":232,"column":20},"end":{"line":236,"column":21}},"94":{"start":{"line":233,"column":24},"end":{"line":233,"column":51}},"95":{"start":{"line":235,"column":24},"end":{"line":235,"column":43}},"96":{"start":{"line":238,"column":16},"end":{"line":238,"column":101}},"97":{"start":{"line":239,"column":16},"end":{"line":250,"column":19}},"98":{"start":{"line":240,"column":20},"end":{"line":249,"column":21}},"99":{"start":{"line":242,"column":24},"end":{"line":242,"column":31}},"100":{"start":{"line":244,"column":24},"end":{"line":248,"column":27}},"101":{"start":{"line":245,"column":28},"end":{"line":247,"column":31}},"102":{"start":{"line":246,"column":32},"end":{"line":246,"column":86}},"103":{"start":{"line":252,"column":16},"end":{"line":266,"column":17}},"104":{"start":{"line":253,"column":20},"end":{"line":257,"column":22}},"105":{"start":{"line":255,"column":28},"end":{"line":255,"column":90}},"106":{"start":{"line":259,"column":20},"end":{"line":265,"column":22}},"107":{"start":{"line":261,"column":28},"end":{"line":263,"column":32}},"108":{"start":{"line":262,"column":32},"end":{"line":262,"column":77}},"109":{"start":{"line":269,"column":12},"end":{"line":361,"column":15}},"110":{"start":{"line":270,"column":16},"end":{"line":360,"column":19}},"111":{"start":{"line":271,"column":20},"end":{"line":359,"column":23}},"112":{"start":{"line":273,"column":28},"end":{"line":273,"column":86}},"113":{"start":{"line":274,"column":28},"end":{"line":279,"column":31}},"114":{"start":{"line":275,"column":32},"end":{"line":275,"column":98}},"115":{"start":{"line":276,"column":32},"end":{"line":278,"column":35}},"116":{"start":{"line":277,"column":36},"end":{"line":277,"column":188}},"117":{"start":{"line":280,"column":28},"end":{"line":356,"column":31}},"118":{"start":{"line":281,"column":32},"end":{"line":281,"column":50}},"119":{"start":{"line":282,"column":32},"end":{"line":282,"column":57}},"120":{"start":{"line":283,"column":32},"end":{"line":289,"column":33}},"121":{"start":{"line":284,"column":36},"end":{"line":286,"column":66}},"122":{"start":{"line":287,"column":36},"end":{"line":287,"column":58}},"123":{"start":{"line":288,"column":36},"end":{"line":288,"column":50}},"124":{"start":{"line":291,"column":32},"end":{"line":292,"column":78}},"125":{"start":{"line":294,"column":32},"end":{"line":344,"column":35}},"126":{"start":{"line":296,"column":36},"end":{"line":298,"column":42}},"127":{"start":{"line":299,"column":36},"end":{"line":312,"column":37}},"128":{"start":{"line":300,"column":40},"end":{"line":300,"column":84}},"129":{"start":{"line":301,"column":40},"end":{"line":311,"column":41}},"130":{"start":{"line":302,"column":44},"end":{"line":310,"column":45}},"131":{"start":{"line":303,"column":48},"end":{"line":309,"column":49}},"132":{"start":{"line":304,"column":52},"end":{"line":304,"column":97}},"133":{"start":{"line":305,"column":52},"end":{"line":305,"column":98}},"134":{"start":{"line":306,"column":52},"end":{"line":306,"column":99}},"135":{"start":{"line":307,"column":52},"end":{"line":307,"column":146}},"136":{"start":{"line":308,"column":52},"end":{"line":308,"column":58}},"137":{"start":{"line":314,"column":36},"end":{"line":314,"column":101}},"138":{"start":{"line":315,"column":36},"end":{"line":343,"column":37}},"139":{"start":{"line":316,"column":40},"end":{"line":342,"column":41}},"140":{"start":{"line":317,"column":44},"end":{"line":317,"column":88}},"141":{"start":{"line":318,"column":44},"end":{"line":318,"column":89}},"142":{"start":{"line":319,"column":44},"end":{"line":341,"column":45}},"143":{"start":{"line":320,"column":48},"end":{"line":320,"column":115}},"144":{"start":{"line":321,"column":48},"end":{"line":338,"column":49}},"145":{"start":{"line":322,"column":52},"end":{"line":322,"column":127}},"146":{"start":{"line":324,"column":52},"end":{"line":324,"column":150}},"147":{"start":{"line":325,"column":52},"end":{"line":335,"column":53}},"148":{"start":{"line":326,"column":56},"end":{"line":326,"column":81}},"149":{"start":{"line":327,"column":56},"end":{"line":334,"column":63}},"150":{"start":{"line":329,"column":64},"end":{"line":329,"column":155}},"151":{"start":{"line":330,"column":64},"end":{"line":330,"column":84}},"152":{"start":{"line":331,"column":64},"end":{"line":333,"column":65}},"153":{"start":{"line":332,"column":68},"end":{"line":332,"column":92}},"154":{"start":{"line":336,"column":52},"end":{"line":336,"column":99}},"155":{"start":{"line":337,"column":52},"end":{"line":337,"column":141}},"156":{"start":{"line":339,"column":51},"end":{"line":341,"column":45}},"157":{"start":{"line":340,"column":48},"end":{"line":340,"column":123}},"158":{"start":{"line":347,"column":32},"end":{"line":355,"column":35}},"159":{"start":{"line":348,"column":36},"end":{"line":354,"column":39}},"160":{"start":{"line":349,"column":40},"end":{"line":353,"column":41}},"161":{"start":{"line":350,"column":44},"end":{"line":350,"column":98}},"162":{"start":{"line":351,"column":44},"end":{"line":351,"column":88}},"163":{"start":{"line":352,"column":44},"end":{"line":352,"column":66}},"164":{"start":{"line":357,"column":28},"end":{"line":357,"column":66}},"165":{"start":{"line":367,"column":16},"end":{"line":367,"column":49}},"166":{"start":{"line":370,"column":16},"end":{"line":370,"column":49}},"167":{"start":{"line":373,"column":16},"end":{"line":404,"column":19}},"168":{"start":{"line":374,"column":20},"end":{"line":374,"column":65}},"169":{"start":{"line":375,"column":20},"end":{"line":403,"column":21}},"170":{"start":{"line":376,"column":24},"end":{"line":378,"column":25}},"171":{"start":{"line":377,"column":28},"end":{"line":377,"column":39}},"172":{"start":{"line":379,"column":24},"end":{"line":402,"column":25}},"173":{"start":{"line":380,"column":28},"end":{"line":386,"column":37}},"174":{"start":{"line":381,"column":32},"end":{"line":385,"column":42}},"175":{"start":{"line":387,"column":28},"end":{"line":387,"column":79}},"176":{"start":{"line":389,"column":28},"end":{"line":389,"column":60}},"177":{"start":{"line":390,"column":28},"end":{"line":401,"column":29}},"178":{"start":{"line":391,"column":32},"end":{"line":391,"column":86}},"179":{"start":{"line":392,"column":32},"end":{"line":397,"column":33}},"180":{"start":{"line":393,"column":36},"end":{"line":393,"column":86}},"181":{"start":{"line":394,"column":36},"end":{"line":394,"column":70}},"182":{"start":{"line":396,"column":36},"end":{"line":396,"column":60}},"183":{"start":{"line":400,"column":32},"end":{"line":400,"column":74}},"184":{"start":{"line":407,"column":16},"end":{"line":431,"column":19}},"185":{"start":{"line":408,"column":20},"end":{"line":408,"column":38}},"186":{"start":{"line":409,"column":20},"end":{"line":409,"column":79}},"187":{"start":{"line":411,"column":20},"end":{"line":430,"column":21}},"188":{"start":{"line":412,"column":24},"end":{"line":412,"column":37}},"189":{"start":{"line":413,"column":24},"end":{"line":413,"column":72}},"190":{"start":{"line":414,"column":24},"end":{"line":429,"column":25}},"191":{"start":{"line":415,"column":28},"end":{"line":415,"column":57}},"192":{"start":{"line":417,"column":28},"end":{"line":428,"column":29}},"193":{"start":{"line":418,"column":32},"end":{"line":418,"column":85}},"194":{"start":{"line":419,"column":32},"end":{"line":424,"column":33}},"195":{"start":{"line":420,"column":36},"end":{"line":420,"column":86}},"196":{"start":{"line":421,"column":36},"end":{"line":421,"column":71}},"197":{"start":{"line":423,"column":36},"end":{"line":423,"column":61}},"198":{"start":{"line":427,"column":32},"end":{"line":427,"column":68}},"199":{"start":{"line":432,"column":16},"end":{"line":432,"column":54}},"200":{"start":{"line":436,"column":12},"end":{"line":440,"column":13}},"201":{"start":{"line":437,"column":16},"end":{"line":437,"column":27}},"202":{"start":{"line":438,"column":19},"end":{"line":440,"column":13}},"203":{"start":{"line":439,"column":16},"end":{"line":439,"column":49}},"204":{"start":{"line":442,"column":12},"end":{"line":456,"column":18}},"205":{"start":{"line":445,"column":24},"end":{"line":447,"column":25}},"206":{"start":{"line":446,"column":28},"end":{"line":446,"column":103}},"207":{"start":{"line":450,"column":24},"end":{"line":454,"column":25}},"208":{"start":{"line":451,"column":28},"end":{"line":451,"column":82}},"209":{"start":{"line":452,"column":31},"end":{"line":454,"column":25}},"210":{"start":{"line":453,"column":28},"end":{"line":453,"column":73}},"211":{"start":{"line":458,"column":12},"end":{"line":511,"column":13}},"212":{"start":{"line":459,"column":16},"end":{"line":461,"column":19}},"213":{"start":{"line":460,"column":20},"end":{"line":460,"column":170}},"214":{"start":{"line":462,"column":16},"end":{"line":464,"column":17}},"215":{"start":{"line":463,"column":20},"end":{"line":463,"column":113}},"216":{"start":{"line":466,"column":16},"end":{"line":470,"column":19}},"217":{"start":{"line":467,"column":20},"end":{"line":469,"column":21}},"218":{"start":{"line":468,"column":24},"end":{"line":468,"column":95}},"219":{"start":{"line":471,"column":16},"end":{"line":475,"column":19}},"220":{"start":{"line":472,"column":20},"end":{"line":474,"column":21}},"221":{"start":{"line":473,"column":24},"end":{"line":473,"column":93}},"222":{"start":{"line":476,"column":16},"end":{"line":480,"column":19}},"223":{"start":{"line":477,"column":20},"end":{"line":479,"column":21}},"224":{"start":{"line":478,"column":24},"end":{"line":478,"column":105}},"225":{"start":{"line":481,"column":16},"end":{"line":485,"column":19}},"226":{"start":{"line":482,"column":20},"end":{"line":484,"column":21}},"227":{"start":{"line":483,"column":24},"end":{"line":483,"column":82}},"228":{"start":{"line":487,"column":16},"end":{"line":493,"column":17}},"229":{"start":{"line":488,"column":20},"end":{"line":492,"column":23}},"230":{"start":{"line":489,"column":24},"end":{"line":491,"column":27}},"231":{"start":{"line":490,"column":28},"end":{"line":490,"column":94}},"232":{"start":{"line":495,"column":16},"end":{"line":510,"column":19}},"233":{"start":{"line":496,"column":20},"end":{"line":509,"column":21}},"234":{"start":{"line":497,"column":24},"end":{"line":497,"column":69}},"235":{"start":{"line":498,"column":24},"end":{"line":498,"column":64}},"236":{"start":{"line":499,"column":24},"end":{"line":508,"column":25}},"237":{"start":{"line":500,"column":28},"end":{"line":500,"column":84}},"238":{"start":{"line":501,"column":31},"end":{"line":508,"column":25}},"239":{"start":{"line":502,"column":28},"end":{"line":502,"column":91}},"240":{"start":{"line":503,"column":28},"end":{"line":503,"column":84}},"241":{"start":{"line":504,"column":31},"end":{"line":508,"column":25}},"242":{"start":{"line":505,"column":28},"end":{"line":507,"column":31}},"243":{"start":{"line":506,"column":32},"end":{"line":506,"column":64}},"244":{"start":{"line":513,"column":12},"end":{"line":656,"column":15}},"245":{"start":{"line":514,"column":16},"end":{"line":655,"column":19}},"246":{"start":{"line":515,"column":20},"end":{"line":654,"column":23}},"247":{"start":{"line":517,"column":28},"end":{"line":651,"column":31}},"248":{"start":{"line":518,"column":32},"end":{"line":518,"column":50}},"249":{"start":{"line":519,"column":32},"end":{"line":526,"column":33}},"250":{"start":{"line":520,"column":36},"end":{"line":520,"column":93}},"251":{"start":{"line":521,"column":36},"end":{"line":523,"column":37}},"252":{"start":{"line":522,"column":40},"end":{"line":522,"column":71}},"253":{"start":{"line":525,"column":36},"end":{"line":525,"column":83}},"254":{"start":{"line":527,"column":32},"end":{"line":528,"column":100}},"255":{"start":{"line":530,"column":32},"end":{"line":573,"column":33}},"256":{"start":{"line":531,"column":36},"end":{"line":531,"column":77}},"257":{"start":{"line":532,"column":39},"end":{"line":573,"column":33}},"258":{"start":{"line":533,"column":36},"end":{"line":533,"column":49}},"259":{"start":{"line":534,"column":36},"end":{"line":559,"column":37}},"260":{"start":{"line":535,"column":40},"end":{"line":552,"column":43}},"261":{"start":{"line":536,"column":44},"end":{"line":536,"column":95}},"262":{"start":{"line":537,"column":44},"end":{"line":538,"column":113}},"263":{"start":{"line":539,"column":44},"end":{"line":550,"column":45}},"264":{"start":{"line":540,"column":48},"end":{"line":547,"column":49}},"265":{"start":{"line":541,"column":52},"end":{"line":541,"column":88}},"266":{"start":{"line":543,"column":52},"end":{"line":543,"column":81}},"267":{"start":{"line":544,"column":52},"end":{"line":546,"column":53}},"268":{"start":{"line":545,"column":56},"end":{"line":545,"column":171}},"269":{"start":{"line":549,"column":48},"end":{"line":549,"column":77}},"270":{"start":{"line":551,"column":44},"end":{"line":551,"column":56}},"271":{"start":{"line":553,"column":40},"end":{"line":553,"column":93}},"272":{"start":{"line":554,"column":43},"end":{"line":559,"column":37}},"273":{"start":{"line":555,"column":40},"end":{"line":555,"column":66}},"274":{"start":{"line":558,"column":40},"end":{"line":558,"column":77}},"275":{"start":{"line":560,"column":36},"end":{"line":562,"column":37}},"276":{"start":{"line":561,"column":40},"end":{"line":561,"column":151}},"277":{"start":{"line":563,"column":39},"end":{"line":573,"column":33}},"278":{"start":{"line":564,"column":36},"end":{"line":564,"column":148}},"279":{"start":{"line":565,"column":39},"end":{"line":573,"column":33}},"280":{"start":{"line":566,"column":36},"end":{"line":571,"column":37}},"281":{"start":{"line":567,"column":40},"end":{"line":567,"column":66}},"282":{"start":{"line":570,"column":40},"end":{"line":570,"column":77}},"283":{"start":{"line":572,"column":36},"end":{"line":572,"column":78}},"284":{"start":{"line":575,"column":32},"end":{"line":582,"column":33}},"285":{"start":{"line":576,"column":36},"end":{"line":576,"column":87}},"286":{"start":{"line":577,"column":36},"end":{"line":577,"column":137}},"287":{"start":{"line":578,"column":36},"end":{"line":578,"column":68}},"288":{"start":{"line":579,"column":36},"end":{"line":581,"column":37}},"289":{"start":{"line":580,"column":40},"end":{"line":580,"column":67}},"290":{"start":{"line":584,"column":32},"end":{"line":593,"column":33}},"291":{"start":{"line":585,"column":36},"end":{"line":585,"column":79}},"292":{"start":{"line":586,"column":36},"end":{"line":592,"column":39}},"293":{"start":{"line":587,"column":40},"end":{"line":587,"column":122}},"294":{"start":{"line":588,"column":40},"end":{"line":588,"column":68}},"295":{"start":{"line":589,"column":40},"end":{"line":591,"column":41}},"296":{"start":{"line":590,"column":44},"end":{"line":590,"column":71}},"297":{"start":{"line":595,"column":32},"end":{"line":604,"column":33}},"298":{"start":{"line":596,"column":36},"end":{"line":596,"column":85}},"299":{"start":{"line":597,"column":36},"end":{"line":603,"column":39}},"300":{"start":{"line":598,"column":40},"end":{"line":598,"column":129}},"301":{"start":{"line":599,"column":40},"end":{"line":599,"column":71}},"302":{"start":{"line":600,"column":40},"end":{"line":602,"column":41}},"303":{"start":{"line":601,"column":44},"end":{"line":601,"column":69}},"304":{"start":{"line":605,"column":32},"end":{"line":614,"column":33}},"305":{"start":{"line":606,"column":36},"end":{"line":606,"column":97}},"306":{"start":{"line":607,"column":36},"end":{"line":613,"column":39}},"307":{"start":{"line":608,"column":40},"end":{"line":608,"column":141}},"308":{"start":{"line":609,"column":40},"end":{"line":609,"column":77}},"309":{"start":{"line":610,"column":40},"end":{"line":612,"column":41}},"310":{"start":{"line":611,"column":44},"end":{"line":611,"column":69}},"311":{"start":{"line":615,"column":32},"end":{"line":650,"column":33}},"312":{"start":{"line":616,"column":36},"end":{"line":620,"column":37}},"313":{"start":{"line":617,"column":40},"end":{"line":619,"column":43}},"314":{"start":{"line":618,"column":44},"end":{"line":618,"column":88}},"315":{"start":{"line":621,"column":36},"end":{"line":649,"column":37}},"316":{"start":{"line":622,"column":40},"end":{"line":626,"column":41}},"317":{"start":{"line":623,"column":44},"end":{"line":625,"column":47}},"318":{"start":{"line":624,"column":48},"end":{"line":624,"column":124}},"319":{"start":{"line":627,"column":43},"end":{"line":649,"column":37}},"320":{"start":{"line":628,"column":40},"end":{"line":633,"column":41}},"321":{"start":{"line":629,"column":44},"end":{"line":629,"column":89}},"322":{"start":{"line":630,"column":44},"end":{"line":632,"column":47}},"323":{"start":{"line":631,"column":48},"end":{"line":631,"column":89}},"324":{"start":{"line":634,"column":43},"end":{"line":649,"column":37}},"325":{"start":{"line":635,"column":40},"end":{"line":637,"column":43}},"326":{"start":{"line":636,"column":44},"end":{"line":636,"column":72}},"327":{"start":{"line":638,"column":40},"end":{"line":648,"column":41}},"328":{"start":{"line":639,"column":44},"end":{"line":647,"column":47}},"329":{"start":{"line":640,"column":48},"end":{"line":640,"column":94}},"330":{"start":{"line":641,"column":48},"end":{"line":646,"column":57}},"331":{"start":{"line":642,"column":52},"end":{"line":644,"column":53}},"332":{"start":{"line":643,"column":56},"end":{"line":643,"column":78}},"333":{"start":{"line":645,"column":52},"end":{"line":645,"column":88}},"334":{"start":{"line":652,"column":28},"end":{"line":652,"column":66}},"335":{"start":{"line":659,"column":12},"end":{"line":659,"column":57}},"336":{"start":{"line":662,"column":12},"end":{"line":662,"column":63}},"337":{"start":{"line":665,"column":12},"end":{"line":665,"column":58}},"338":{"start":{"line":668,"column":12},"end":{"line":668,"column":60}},"339":{"start":{"line":671,"column":12},"end":{"line":671,"column":62}},"340":{"start":{"line":674,"column":12},"end":{"line":674,"column":65}},"341":{"start":{"line":680,"column":16},"end":{"line":680,"column":53}},"342":{"start":{"line":683,"column":16},"end":{"line":683,"column":57}},"343":{"start":{"line":686,"column":16},"end":{"line":686,"column":43}},"344":{"start":{"line":687,"column":16},"end":{"line":691,"column":17}},"345":{"start":{"line":688,"column":20},"end":{"line":688,"column":44}},"346":{"start":{"line":689,"column":20},"end":{"line":690,"column":58}},"347":{"start":{"line":692,"column":16},"end":{"line":696,"column":17}},"348":{"start":{"line":693,"column":20},"end":{"line":694,"column":55}},"349":{"start":{"line":695,"column":20},"end":{"line":695,"column":44}},"350":{"start":{"line":697,"column":16},"end":{"line":705,"column":17}},"351":{"start":{"line":698,"column":20},"end":{"line":698,"column":55}},"352":{"start":{"line":699,"column":20},"end":{"line":701,"column":21}},"353":{"start":{"line":700,"column":24},"end":{"line":700,"column":70}},"354":{"start":{"line":702,"column":20},"end":{"line":704,"column":21}},"355":{"start":{"line":703,"column":24},"end":{"line":703,"column":79}},"356":{"start":{"line":706,"column":16},"end":{"line":706,"column":30}},"357":{"start":{"line":709,"column":16},"end":{"line":709,"column":47}},"358":{"start":{"line":710,"column":16},"end":{"line":718,"column":17}},"359":{"start":{"line":711,"column":20},"end":{"line":711,"column":47}},"360":{"start":{"line":712,"column":20},"end":{"line":716,"column":23}},"361":{"start":{"line":713,"column":24},"end":{"line":715,"column":25}},"362":{"start":{"line":714,"column":28},"end":{"line":714,"column":75}},"363":{"start":{"line":717,"column":20},"end":{"line":717,"column":93}},"364":{"start":{"line":719,"column":16},"end":{"line":719,"column":54}},"365":{"start":{"line":723,"column":12},"end":{"line":725,"column":13}},"366":{"start":{"line":724,"column":16},"end":{"line":724,"column":27}},"367":{"start":{"line":726,"column":12},"end":{"line":726,"column":35}},"368":{"start":{"line":727,"column":12},"end":{"line":751,"column":15}},"369":{"start":{"line":728,"column":16},"end":{"line":732,"column":17}},"370":{"start":{"line":729,"column":20},"end":{"line":729,"column":120}},"371":{"start":{"line":731,"column":20},"end":{"line":731,"column":90}},"372":{"start":{"line":734,"column":16},"end":{"line":750,"column":19}},"373":{"start":{"line":736,"column":24},"end":{"line":738,"column":25}},"374":{"start":{"line":737,"column":28},"end":{"line":737,"column":65}},"375":{"start":{"line":739,"column":24},"end":{"line":739,"column":61}},"376":{"start":{"line":740,"column":24},"end":{"line":747,"column":25}},"377":{"start":{"line":741,"column":28},"end":{"line":741,"column":110}},"378":{"start":{"line":743,"column":28},"end":{"line":743,"column":137}},"379":{"start":{"line":745,"column":28},"end":{"line":745,"column":83}},"380":{"start":{"line":746,"column":28},"end":{"line":746,"column":95}},"381":{"start":{"line":748,"column":24},"end":{"line":748,"column":62}},"382":{"start":{"line":757,"column":16},"end":{"line":757,"column":53}},"383":{"start":{"line":760,"column":16},"end":{"line":760,"column":57}},"384":{"start":{"line":763,"column":16},"end":{"line":763,"column":45}},"385":{"start":{"line":764,"column":16},"end":{"line":772,"column":19}},"386":{"start":{"line":765,"column":20},"end":{"line":765,"column":73}},"387":{"start":{"line":766,"column":20},"end":{"line":770,"column":21}},"388":{"start":{"line":767,"column":24},"end":{"line":767,"column":34}},"389":{"start":{"line":768,"column":27},"end":{"line":770,"column":21}},"390":{"start":{"line":769,"column":24},"end":{"line":769,"column":35}},"391":{"start":{"line":771,"column":20},"end":{"line":771,"column":95}},"392":{"start":{"line":775,"column":16},"end":{"line":775,"column":45}},"393":{"start":{"line":776,"column":16},"end":{"line":781,"column":19}},"394":{"start":{"line":777,"column":20},"end":{"line":780,"column":108}},"395":{"start":{"line":782,"column":16},"end":{"line":782,"column":54}},"396":{"start":{"line":786,"column":12},"end":{"line":788,"column":13}},"397":{"start":{"line":787,"column":16},"end":{"line":787,"column":27}},"398":{"start":{"line":789,"column":12},"end":{"line":790,"column":51}},"399":{"start":{"line":791,"column":12},"end":{"line":791,"column":44}},"400":{"start":{"line":793,"column":12},"end":{"line":795,"column":15}},"401":{"start":{"line":794,"column":16},"end":{"line":794,"column":58}},"402":{"start":{"line":796,"column":12},"end":{"line":798,"column":15}},"403":{"start":{"line":797,"column":16},"end":{"line":797,"column":52}},"404":{"start":{"line":799,"column":12},"end":{"line":812,"column":14}},"405":{"start":{"line":801,"column":20},"end":{"line":801,"column":139}},"406":{"start":{"line":804,"column":20},"end":{"line":806,"column":21}},"407":{"start":{"line":805,"column":24},"end":{"line":805,"column":107}},"408":{"start":{"line":810,"column":20},"end":{"line":810,"column":101}},"409":{"start":{"line":814,"column":12},"end":{"line":820,"column":15}},"410":{"start":{"line":815,"column":16},"end":{"line":819,"column":19}},"411":{"start":{"line":816,"column":20},"end":{"line":818,"column":21}},"412":{"start":{"line":817,"column":24},"end":{"line":817,"column":120}},"413":{"start":{"line":822,"column":12},"end":{"line":881,"column":15}},"414":{"start":{"line":823,"column":16},"end":{"line":880,"column":19}},"415":{"start":{"line":824,"column":20},"end":{"line":879,"column":23}},"416":{"start":{"line":826,"column":28},"end":{"line":876,"column":31}},"417":{"start":{"line":827,"column":32},"end":{"line":828,"column":47}},"418":{"start":{"line":829,"column":32},"end":{"line":849,"column":33}},"419":{"start":{"line":830,"column":36},"end":{"line":830,"column":93}},"420":{"start":{"line":831,"column":36},"end":{"line":831,"column":76}},"421":{"start":{"line":832,"column":36},"end":{"line":838,"column":37}},"422":{"start":{"line":833,"column":40},"end":{"line":833,"column":71}},"423":{"start":{"line":835,"column":40},"end":{"line":837,"column":43}},"424":{"start":{"line":836,"column":44},"end":{"line":836,"column":92}},"425":{"start":{"line":839,"column":39},"end":{"line":849,"column":33}},"426":{"start":{"line":840,"column":36},"end":{"line":840,"column":101}},"427":{"start":{"line":841,"column":36},"end":{"line":841,"column":80}},"428":{"start":{"line":842,"column":36},"end":{"line":846,"column":37}},"429":{"start":{"line":843,"column":40},"end":{"line":843,"column":71}},"430":{"start":{"line":845,"column":40},"end":{"line":845,"column":103}},"431":{"start":{"line":848,"column":36},"end":{"line":848,"column":80}},"432":{"start":{"line":850,"column":32},"end":{"line":850,"column":44}},"433":{"start":{"line":851,"column":32},"end":{"line":861,"column":33}},"434":{"start":{"line":852,"column":36},"end":{"line":852,"column":85}},"435":{"start":{"line":853,"column":36},"end":{"line":853,"column":72}},"436":{"start":{"line":854,"column":36},"end":{"line":858,"column":37}},"437":{"start":{"line":855,"column":40},"end":{"line":855,"column":71}},"438":{"start":{"line":857,"column":40},"end":{"line":857,"column":95}},"439":{"start":{"line":860,"column":36},"end":{"line":860,"column":142}},"440":{"start":{"line":862,"column":32},"end":{"line":875,"column":35}},"441":{"start":{"line":863,"column":36},"end":{"line":863,"column":159}},"442":{"start":{"line":864,"column":36},"end":{"line":874,"column":37}},"443":{"start":{"line":865,"column":40},"end":{"line":873,"column":41}},"444":{"start":{"line":866,"column":44},"end":{"line":866,"column":98}},"445":{"start":{"line":867,"column":47},"end":{"line":873,"column":41}},"446":{"start":{"line":868,"column":44},"end":{"line":868,"column":100}},"447":{"start":{"line":870,"column":44},"end":{"line":872,"column":47}},"448":{"start":{"line":871,"column":48},"end":{"line":871,"column":143}},"449":{"start":{"line":877,"column":28},"end":{"line":877,"column":66}},"450":{"start":{"line":887,"column":16},"end":{"line":887,"column":52}},"451":{"start":{"line":890,"column":16},"end":{"line":890,"column":55}},"452":{"start":{"line":893,"column":16},"end":{"line":893,"column":43}},"453":{"start":{"line":894,"column":16},"end":{"line":902,"column":17}},"454":{"start":{"line":895,"column":20},"end":{"line":897,"column":21}},"455":{"start":{"line":896,"column":24},"end":{"line":896,"column":69}},"456":{"start":{"line":898,"column":20},"end":{"line":900,"column":21}},"457":{"start":{"line":899,"column":24},"end":{"line":899,"column":78}},"458":{"start":{"line":901,"column":20},"end":{"line":901,"column":44}},"459":{"start":{"line":903,"column":16},"end":{"line":908,"column":17}},"460":{"start":{"line":904,"column":20},"end":{"line":906,"column":61}},"461":{"start":{"line":907,"column":20},"end":{"line":907,"column":44}},"462":{"start":{"line":909,"column":16},"end":{"line":912,"column":17}},"463":{"start":{"line":910,"column":20},"end":{"line":911,"column":66}},"464":{"start":{"line":913,"column":16},"end":{"line":913,"column":30}},"465":{"start":{"line":916,"column":16},"end":{"line":916,"column":47}},"466":{"start":{"line":917,"column":16},"end":{"line":925,"column":17}},"467":{"start":{"line":918,"column":20},"end":{"line":918,"column":47}},"468":{"start":{"line":919,"column":20},"end":{"line":923,"column":23}},"469":{"start":{"line":920,"column":24},"end":{"line":922,"column":25}},"470":{"start":{"line":921,"column":28},"end":{"line":921,"column":75}},"471":{"start":{"line":924,"column":20},"end":{"line":924,"column":93}},"472":{"start":{"line":926,"column":16},"end":{"line":926,"column":54}},"473":{"start":{"line":930,"column":12},"end":{"line":932,"column":13}},"474":{"start":{"line":931,"column":16},"end":{"line":931,"column":27}},"475":{"start":{"line":933,"column":12},"end":{"line":933,"column":35}},"476":{"start":{"line":934,"column":12},"end":{"line":969,"column":15}},"477":{"start":{"line":935,"column":16},"end":{"line":941,"column":17}},"478":{"start":{"line":936,"column":20},"end":{"line":936,"column":75}},"479":{"start":{"line":937,"column":23},"end":{"line":941,"column":17}},"480":{"start":{"line":938,"column":20},"end":{"line":938,"column":119}},"481":{"start":{"line":940,"column":20},"end":{"line":940,"column":90}},"482":{"start":{"line":943,"column":16},"end":{"line":968,"column":19}},"483":{"start":{"line":945,"column":24},"end":{"line":945,"column":61}},"484":{"start":{"line":946,"column":24},"end":{"line":965,"column":25}},"485":{"start":{"line":947,"column":28},"end":{"line":954,"column":29}},"486":{"start":{"line":948,"column":32},"end":{"line":948,"column":63}},"487":{"start":{"line":949,"column":32},"end":{"line":951,"column":33}},"488":{"start":{"line":950,"column":36},"end":{"line":950,"column":84}},"489":{"start":{"line":953,"column":32},"end":{"line":953,"column":119}},"490":{"start":{"line":955,"column":31},"end":{"line":965,"column":25}},"491":{"start":{"line":956,"column":28},"end":{"line":956,"column":110}},"492":{"start":{"line":958,"column":28},"end":{"line":958,"column":137}},"493":{"start":{"line":960,"column":28},"end":{"line":960,"column":81}},"494":{"start":{"line":961,"column":28},"end":{"line":963,"column":29}},"495":{"start":{"line":962,"column":32},"end":{"line":962,"column":124}},"496":{"start":{"line":964,"column":28},"end":{"line":964,"column":94}},"497":{"start":{"line":966,"column":24},"end":{"line":966,"column":62}},"498":{"start":{"line":975,"column":16},"end":{"line":975,"column":59}},"499":{"start":{"line":978,"column":16},"end":{"line":978,"column":54}},"500":{"start":{"line":981,"column":16},"end":{"line":981,"column":45}},"501":{"start":{"line":982,"column":16},"end":{"line":990,"column":19}},"502":{"start":{"line":983,"column":20},"end":{"line":983,"column":73}},"503":{"start":{"line":984,"column":20},"end":{"line":988,"column":21}},"504":{"start":{"line":985,"column":24},"end":{"line":985,"column":34}},"505":{"start":{"line":986,"column":27},"end":{"line":988,"column":21}},"506":{"start":{"line":987,"column":24},"end":{"line":987,"column":35}},"507":{"start":{"line":989,"column":20},"end":{"line":989,"column":96}},"508":{"start":{"line":993,"column":16},"end":{"line":993,"column":45}},"509":{"start":{"line":994,"column":16},"end":{"line":1005,"column":19}},"510":{"start":{"line":995,"column":20},"end":{"line":995,"column":38}},"511":{"start":{"line":996,"column":20},"end":{"line":997,"column":83}},"512":{"start":{"line":999,"column":20},"end":{"line":999,"column":114}},"513":{"start":{"line":1000,"column":20},"end":{"line":1004,"column":21}},"514":{"start":{"line":1001,"column":24},"end":{"line":1003,"column":60}},"515":{"start":{"line":1006,"column":16},"end":{"line":1006,"column":54}},"516":{"start":{"line":1010,"column":12},"end":{"line":1012,"column":13}},"517":{"start":{"line":1011,"column":16},"end":{"line":1011,"column":27}},"518":{"start":{"line":1013,"column":12},"end":{"line":1014,"column":51}},"519":{"start":{"line":1015,"column":12},"end":{"line":1015,"column":43}},"520":{"start":{"line":1017,"column":12},"end":{"line":1019,"column":15}},"521":{"start":{"line":1018,"column":16},"end":{"line":1018,"column":51}},"522":{"start":{"line":1020,"column":12},"end":{"line":1033,"column":14}},"523":{"start":{"line":1022,"column":20},"end":{"line":1024,"column":21}},"524":{"start":{"line":1023,"column":24},"end":{"line":1023,"column":105}},"525":{"start":{"line":1028,"column":20},"end":{"line":1028,"column":99}},"526":{"start":{"line":1031,"column":20},"end":{"line":1031,"column":140}},"527":{"start":{"line":1035,"column":12},"end":{"line":1078,"column":15}},"528":{"start":{"line":1036,"column":16},"end":{"line":1077,"column":19}},"529":{"start":{"line":1037,"column":20},"end":{"line":1076,"column":23}},"530":{"start":{"line":1039,"column":28},"end":{"line":1073,"column":31}},"531":{"start":{"line":1040,"column":32},"end":{"line":1041,"column":47}},"532":{"start":{"line":1042,"column":32},"end":{"line":1060,"column":33}},"533":{"start":{"line":1043,"column":36},"end":{"line":1043,"column":91}},"534":{"start":{"line":1044,"column":36},"end":{"line":1044,"column":75}},"535":{"start":{"line":1045,"column":36},"end":{"line":1049,"column":37}},"536":{"start":{"line":1046,"column":40},"end":{"line":1046,"column":71}},"537":{"start":{"line":1048,"column":40},"end":{"line":1048,"column":98}},"538":{"start":{"line":1050,"column":39},"end":{"line":1060,"column":33}},"539":{"start":{"line":1051,"column":36},"end":{"line":1051,"column":99}},"540":{"start":{"line":1052,"column":36},"end":{"line":1052,"column":79}},"541":{"start":{"line":1053,"column":36},"end":{"line":1057,"column":37}},"542":{"start":{"line":1054,"column":40},"end":{"line":1054,"column":71}},"543":{"start":{"line":1056,"column":40},"end":{"line":1056,"column":102}},"544":{"start":{"line":1059,"column":36},"end":{"line":1059,"column":79}},"545":{"start":{"line":1061,"column":32},"end":{"line":1061,"column":44}},"546":{"start":{"line":1062,"column":32},"end":{"line":1072,"column":33}},"547":{"start":{"line":1063,"column":36},"end":{"line":1063,"column":85}},"548":{"start":{"line":1064,"column":36},"end":{"line":1064,"column":72}},"549":{"start":{"line":1065,"column":36},"end":{"line":1069,"column":37}},"550":{"start":{"line":1066,"column":40},"end":{"line":1066,"column":71}},"551":{"start":{"line":1068,"column":40},"end":{"line":1068,"column":95}},"552":{"start":{"line":1071,"column":36},"end":{"line":1071,"column":142}},"553":{"start":{"line":1074,"column":28},"end":{"line":1074,"column":66}},"554":{"start":{"line":1084,"column":16},"end":{"line":1084,"column":59}},"555":{"start":{"line":1087,"column":16},"end":{"line":1087,"column":54}},"556":{"start":{"line":1090,"column":16},"end":{"line":1102,"column":19}},"557":{"start":{"line":1091,"column":20},"end":{"line":1095,"column":21}},"558":{"start":{"line":1092,"column":24},"end":{"line":1092,"column":74}},"559":{"start":{"line":1094,"column":24},"end":{"line":1094,"column":60}},"560":{"start":{"line":1096,"column":20},"end":{"line":1096,"column":31}},"561":{"start":{"line":1097,"column":20},"end":{"line":1101,"column":21}},"562":{"start":{"line":1098,"column":24},"end":{"line":1098,"column":75}},"563":{"start":{"line":1100,"column":24},"end":{"line":1100,"column":61}},"564":{"start":{"line":1105,"column":16},"end":{"line":1110,"column":19}},"565":{"start":{"line":1106,"column":20},"end":{"line":1109,"column":79}},"566":{"start":{"line":1111,"column":16},"end":{"line":1111,"column":54}},"567":{"start":{"line":1115,"column":12},"end":{"line":1117,"column":13}},"568":{"start":{"line":1116,"column":16},"end":{"line":1116,"column":27}},"569":{"start":{"line":1118,"column":12},"end":{"line":1134,"column":18}},"570":{"start":{"line":1121,"column":24},"end":{"line":1125,"column":25}},"571":{"start":{"line":1122,"column":28},"end":{"line":1122,"column":103}},"572":{"start":{"line":1124,"column":28},"end":{"line":1124,"column":70}},"573":{"start":{"line":1128,"column":24},"end":{"line":1132,"column":25}},"574":{"start":{"line":1129,"column":28},"end":{"line":1129,"column":105}},"575":{"start":{"line":1131,"column":28},"end":{"line":1131,"column":70}},"576":{"start":{"line":1135,"column":12},"end":{"line":1174,"column":15}},"577":{"start":{"line":1136,"column":16},"end":{"line":1173,"column":19}},"578":{"start":{"line":1137,"column":20},"end":{"line":1172,"column":23}},"579":{"start":{"line":1139,"column":28},"end":{"line":1169,"column":31}},"580":{"start":{"line":1140,"column":32},"end":{"line":1141,"column":47}},"581":{"start":{"line":1142,"column":32},"end":{"line":1154,"column":33}},"582":{"start":{"line":1143,"column":36},"end":{"line":1143,"column":85}},"583":{"start":{"line":1144,"column":36},"end":{"line":1144,"column":72}},"584":{"start":{"line":1145,"column":36},"end":{"line":1149,"column":37}},"585":{"start":{"line":1146,"column":40},"end":{"line":1146,"column":71}},"586":{"start":{"line":1148,"column":40},"end":{"line":1148,"column":95}},"587":{"start":{"line":1150,"column":39},"end":{"line":1154,"column":33}},"588":{"start":{"line":1151,"column":36},"end":{"line":1151,"column":76}},"589":{"start":{"line":1153,"column":36},"end":{"line":1153,"column":74}},"590":{"start":{"line":1155,"column":32},"end":{"line":1155,"column":45}},"591":{"start":{"line":1156,"column":32},"end":{"line":1168,"column":33}},"592":{"start":{"line":1157,"column":36},"end":{"line":1157,"column":87}},"593":{"start":{"line":1158,"column":36},"end":{"line":1158,"column":73}},"594":{"start":{"line":1159,"column":36},"end":{"line":1163,"column":37}},"595":{"start":{"line":1160,"column":40},"end":{"line":1160,"column":71}},"596":{"start":{"line":1162,"column":40},"end":{"line":1162,"column":96}},"597":{"start":{"line":1164,"column":39},"end":{"line":1168,"column":33}},"598":{"start":{"line":1165,"column":36},"end":{"line":1165,"column":77}},"599":{"start":{"line":1167,"column":36},"end":{"line":1167,"column":75}},"600":{"start":{"line":1170,"column":28},"end":{"line":1170,"column":66}},"601":{"start":{"line":1180,"column":16},"end":{"line":1180,"column":67}},"602":{"start":{"line":1183,"column":16},"end":{"line":1183,"column":58}},"603":{"start":{"line":1186,"column":16},"end":{"line":1191,"column":19}},"604":{"start":{"line":1187,"column":20},"end":{"line":1189,"column":21}},"605":{"start":{"line":1188,"column":24},"end":{"line":1188,"column":37}},"606":{"start":{"line":1190,"column":20},"end":{"line":1190,"column":64}},"607":{"start":{"line":1192,"column":16},"end":{"line":1192,"column":30}},"608":{"start":{"line":1195,"column":16},"end":{"line":1219,"column":19}},"609":{"start":{"line":1196,"column":20},"end":{"line":1218,"column":21}},"610":{"start":{"line":1197,"column":24},"end":{"line":1199,"column":25}},"611":{"start":{"line":1198,"column":28},"end":{"line":1198,"column":39}},"612":{"start":{"line":1200,"column":24},"end":{"line":1217,"column":25}},"613":{"start":{"line":1201,"column":28},"end":{"line":1201,"column":95}},"614":{"start":{"line":1202,"column":31},"end":{"line":1217,"column":25}},"615":{"start":{"line":1203,"column":28},"end":{"line":1208,"column":31}},"616":{"start":{"line":1204,"column":32},"end":{"line":1207,"column":39}},"617":{"start":{"line":1206,"column":40},"end":{"line":1206,"column":62}},"618":{"start":{"line":1211,"column":28},"end":{"line":1216,"column":31}},"619":{"start":{"line":1212,"column":32},"end":{"line":1215,"column":39}},"620":{"start":{"line":1214,"column":40},"end":{"line":1214,"column":62}},"621":{"start":{"line":1220,"column":16},"end":{"line":1220,"column":54}},"622":{"start":{"line":1224,"column":12},"end":{"line":1224,"column":69}},"623":{"start":{"line":1227,"column":12},"end":{"line":1233,"column":13}},"624":{"start":{"line":1228,"column":16},"end":{"line":1228,"column":27}},"625":{"start":{"line":1229,"column":19},"end":{"line":1233,"column":13}},"626":{"start":{"line":1230,"column":16},"end":{"line":1230,"column":58}},"627":{"start":{"line":1232,"column":16},"end":{"line":1232,"column":36}},"628":{"start":{"line":1235,"column":12},"end":{"line":1235,"column":38}},"629":{"start":{"line":1236,"column":12},"end":{"line":1245,"column":13}},"630":{"start":{"line":1237,"column":16},"end":{"line":1237,"column":59}},"631":{"start":{"line":1238,"column":19},"end":{"line":1245,"column":13}},"632":{"start":{"line":1239,"column":16},"end":{"line":1239,"column":70}},"633":{"start":{"line":1240,"column":16},"end":{"line":1244,"column":17}},"634":{"start":{"line":1241,"column":20},"end":{"line":1243,"column":40}},"635":{"start":{"line":1242,"column":24},"end":{"line":1242,"column":49}},"636":{"start":{"line":1247,"column":12},"end":{"line":1262,"column":14}},"637":{"start":{"line":1249,"column":20},"end":{"line":1260,"column":21}},"638":{"start":{"line":1250,"column":24},"end":{"line":1250,"column":68}},"639":{"start":{"line":1251,"column":24},"end":{"line":1259,"column":25}},"640":{"start":{"line":1252,"column":28},"end":{"line":1252,"column":92}},"641":{"start":{"line":1253,"column":31},"end":{"line":1259,"column":25}},"642":{"start":{"line":1254,"column":28},"end":{"line":1254,"column":99}},"643":{"start":{"line":1255,"column":31},"end":{"line":1259,"column":25}},"644":{"start":{"line":1256,"column":28},"end":{"line":1258,"column":31}},"645":{"start":{"line":1257,"column":32},"end":{"line":1257,"column":64}},"646":{"start":{"line":1264,"column":12},"end":{"line":1275,"column":13}},"647":{"start":{"line":1265,"column":16},"end":{"line":1274,"column":19}},"648":{"start":{"line":1266,"column":20},"end":{"line":1273,"column":23}},"649":{"start":{"line":1267,"column":24},"end":{"line":1272,"column":25}},"650":{"start":{"line":1268,"column":28},"end":{"line":1268,"column":117}},"651":{"start":{"line":1270,"column":28},"end":{"line":1270,"column":128}},"652":{"start":{"line":1271,"column":28},"end":{"line":1271,"column":125}},"653":{"start":{"line":1277,"column":12},"end":{"line":1323,"column":15}},"654":{"start":{"line":1278,"column":16},"end":{"line":1322,"column":19}},"655":{"start":{"line":1279,"column":20},"end":{"line":1321,"column":23}},"656":{"start":{"line":1281,"column":28},"end":{"line":1318,"column":31}},"657":{"start":{"line":1282,"column":32},"end":{"line":1282,"column":50}},"658":{"start":{"line":1283,"column":32},"end":{"line":1317,"column":33}},"659":{"start":{"line":1284,"column":36},"end":{"line":1286,"column":37}},"660":{"start":{"line":1285,"column":40},"end":{"line":1285,"column":53}},"661":{"start":{"line":1288,"column":36},"end":{"line":1289,"column":117}},"662":{"start":{"line":1290,"column":36},"end":{"line":1316,"column":37}},"663":{"start":{"line":1291,"column":40},"end":{"line":1302,"column":41}},"664":{"start":{"line":1292,"column":44},"end":{"line":1299,"column":45}},"665":{"start":{"line":1293,"column":48},"end":{"line":1293,"column":88}},"666":{"start":{"line":1295,"column":48},"end":{"line":1295,"column":93}},"667":{"start":{"line":1296,"column":48},"end":{"line":1298,"column":49}},"668":{"start":{"line":1297,"column":52},"end":{"line":1297,"column":175}},"669":{"start":{"line":1301,"column":44},"end":{"line":1301,"column":89}},"670":{"start":{"line":1303,"column":43},"end":{"line":1316,"column":37}},"671":{"start":{"line":1304,"column":40},"end":{"line":1311,"column":43}},"672":{"start":{"line":1305,"column":44},"end":{"line":1305,"column":72}},"673":{"start":{"line":1306,"column":44},"end":{"line":1310,"column":45}},"674":{"start":{"line":1307,"column":48},"end":{"line":1307,"column":86}},"675":{"start":{"line":1309,"column":48},"end":{"line":1309,"column":148}},"676":{"start":{"line":1313,"column":40},"end":{"line":1315,"column":43}},"677":{"start":{"line":1314,"column":44},"end":{"line":1314,"column":120}},"678":{"start":{"line":1319,"column":28},"end":{"line":1319,"column":66}}},"branchMap":{"1":{"line":66,"type":"if","locations":[{"start":{"line":66,"column":4},"end":{"line":66,"column":4}},{"start":{"line":66,"column":4},"end":{"line":66,"column":4}}]},"2":{"line":68,"type":"if","locations":[{"start":{"line":68,
[...]
"end":{"line":786,"column":12}}]},"154":{"line":804,"type":"if","locations":[{"start":{"line":804,"column":20},"end":{"line":804,"column":20}},{"start":{"line":804,"column":20},"end":{"line":804,"column":20}}]},"155":{"line":816,"type":"if","locations":[{"start":{"line":816,"column":20},"end":{"line":816,"column":20}},{"start":{"line":816,"column":20},"end":{"line":816,"column":20}}]},"156":{"line":829,"type":"if","locations":[{"start":{"line":829,"column":32},"end":{"line":829,"column":32}},{"start":{"line":829,"column":32},"end":{"line":829,"column":32}}]},"157":{"line":832,"type":"if","locations":[{"start":{"line":832,"column":36},"end":{"line":832,"column":36}},{"start":{"line":832,"column":36},"end":{"line":832,"column":36}}]},"158":{"line":839,"type":"if","locations":[{"start":{"line":839,"column":39},"end":{"line":839,"column":39}},{"start":{"line":839,"column":39},"end":{"line":839,"column":39}}]},"159":{"line":842,"type":"if","locations":[{"start":{"line":842,"column":36},"end":{"line":842,"column":36}},{"start":{"line":842,"column":36},"end":{"line":842,"column":36}}]},"160":{"line":851,"type":"if","locations":[{"start":{"line":851,"column":32},"end":{"line":851,"column":32}},{"start":{"line":851,"column":32},"end":{"line":851,"column":32}}]},"161":{"line":854,"type":"if","locations":[{"start":{"line":854,"column":36},"end":{"line":854,"column":36}},{"start":{"line":854,"column":36},"end":{"line":854,"column":36}}]},"162":{"line":863,"type":"binary-expr","locations":[{"start":{"line":863,"column":64},"end":{"line":863,"column":111}},{"start":{"line":863,"column":115},"end":{"line":863,"column":158}}]},"163":{"line":864,"type":"if","locations":[{"start":{"line":864,"column":36},"end":{"line":864,"column":36}},{"start":{"line":864,"column":36},"end":{"line":864,"column":36}}]},"164":{"line":865,"type":"if","locations":[{"start":{"line":865,"column":40},"end":{"line":865,"column":40}},{"start":{"line":865,"column":40},"end":{"line":865,"column":40}}]},"165":{"line":865,"type":"binary-expr","locations":[{"start":{"line":865,"column":44},"end":{"line":865,"column":80}},{"start":{"line":865,"column":84},"end":{"line":865,"column":108}}]},"166":{"line":867,"type":"if","locations":[{"start":{"line":867,"column":47},"end":{"line":867,"column":47}},{"start":{"line":867,"column":47},"end":{"line":867,"column":47}}]},"167":{"line":867,"type":"binary-expr","locations":[{"start":{"line":867,"column":51},"end":{"line":867,"column":87}},{"start":{"line":867,"column":91},"end":{"line":867,"column":116}}]},"168":{"line":887,"type":"binary-expr","locations":[{"start":{"line":887,"column":23},"end":{"line":887,"column":26}},{"start":{"line":887,"column":30},"end":{"line":887,"column":51}}]},"169":{"line":894,"type":"if","locations":[{"start":{"line":894,"column":16},"end":{"line":894,"column":16}},{"start":{"line":894,"column":16},"end":{"line":894,"column":16}}]},"170":{"line":894,"type":"binary-expr","locations":[{"start":{"line":894,"column":20},"end":{"line":894,"column":66}},{"start":{"line":894,"column":70},"end":{"line":894,"column":119}}]},"171":{"line":895,"type":"if","locations":[{"start":{"line":895,"column":20},"end":{"line":895,"column":20}},{"start":{"line":895,"column":20},"end":{"line":895,"column":20}}]},"172":{"line":898,"type":"if","locations":[{"start":{"line":898,"column":20},"end":{"line":898,"column":20}},{"start":{"line":898,"column":20},"end":{"line":898,"column":20}}]},"173":{"line":903,"type":"if","locations":[{"start":{"line":903,"column":16},"end":{"line":903,"column":16}},{"start":{"line":903,"column":16},"end":{"line":903,"column":16}}]},"174":{"line":905,"type":"cond-expr","locations":[{"start":{"line":905,"column":46},"end":{"line":905,"column":47}},{"start":{"line":905,"column":50},"end":{"line":905,"column":51}}]},"175":{"line":909,"type":"if","locations":[{"start":{"line":909,"column":16},"end":{"line":909,"column":16}},{"start":{"line":909,"column":16},"end":{"line":909,"column":16}}]},"176":{"line":910,"type":"cond-expr","locations":[{"start":{"line":910,"column":48},"end":{"line":910,"column":49}},{"start":{"line":910,"column":52},"end":{"line":910,"column":53}}]},"177":{"line":917,"type":"if","locations":[{"start":{"line":917,"column":16},"end":{"line":917,"column":16}},{"start":{"line":917,"column":16},"end":{"line":917,"column":16}}]},"178":{"line":920,"type":"if","locations":[{"start":{"line":920,"column":24},"end":{"line":920,"column":24}},{"start":{"line":920,"column":24},"end":{"line":920,"column":24}}]},"179":{"line":920,"type":"binary-expr","locations":[{"start":{"line":920,"column":28},"end":{"line":920,"column":73}},{"start":{"line":920,"column":78},"end":{"line":920,"column":106}},{"start":{"line":920,"column":110},"end":{"line":920,"column":157}}]},"180":{"line":930,"type":"if","locations":[{"start":{"line":930,"column":12},"end":{"line":930,"column":12}},{"start":{"line":930,"column":12},"end":{"line":930,"column":12}}]},"181":{"line":935,"type":"if","locations":[{"start":{"line":935,"column":16},"end":{"line":935,"column":16}},{"start":{"line":935,"column":16},"end":{"line":935,"column":16}}]},"182":{"line":935,"type":"binary-expr","locations":[{"start":{"line":935,"column":20},"end":{"line":935,"column":45}},{"start":{"line":935,"column":49},"end":{"line":935,"column":76}}]},"183":{"line":937,"type":"if","locations":[{"start":{"line":937,"column":23},"end":{"line":937,"column":23}},{"start":{"line":937,"column":23},"end":{"line":937,"column":23}}]},"184":{"line":937,"type":"binary-expr","locations":[{"start":{"line":937,"column":27},"end":{"line":937,"column":32}},{"start":{"line":937,"column":36},"end":{"line":937,"column":61}}]},"185":{"line":946,"type":"if","locations":[{"start":{"line":946,"column":24},"end":{"line":946,"column":24}},{"start":{"line":946,"column":24},"end":{"line":946,"column":24}}]},"186":{"line":946,"type":"binary-expr","locations":[{"start":{"line":946,"column":28},"end":{"line":946,"column":53}},{"start":{"line":946,"column":57},"end":{"line":946,"column":84}}]},"187":{"line":947,"type":"if","locations":[{"start":{"line":947,"column":28},"end":{"line":947,"column":28}},{"start":{"line":947,"column":28},"end":{"line":947,"column":28}}]},"188":{"line":949,"type":"if","locations":[{"start":{"line":949,"column":32},"end":{"line":949,"column":32}},{"start":{"line":949,"column":32},"end":{"line":949,"column":32}}]},"189":{"line":953,"type":"binary-expr","locations":[{"start":{"line":953,"column":54},"end":{"line":953,"column":68}},{"start":{"line":953,"column":72},"end":{"line":953,"column":88}}]},"190":{"line":955,"type":"if","locations":[{"start":{"line":955,"column":31},"end":{"line":955,"column":31}},{"start":{"line":955,"column":31},"end":{"line":955,"column":31}}]},"191":{"line":956,"type":"binary-expr","locations":[{"start":{"line":956,"column":35},"end":{"line":956,"column":76}},{"start":{"line":956,"column":80},"end":{"line":956,"column":109}}]},"192":{"line":958,"type":"cond-expr","locations":[{"start":{"line":958,"column":78},"end":{"line":958,"column":93}},{"start":{"line":958,"column":96},"end":{"line":958,"column":98}}]},"193":{"line":961,"type":"if","locations":[{"start":{"line":961,"column":28},"end":{"line":961,"column":28}},{"start":{"line":961,"column":28},"end":{"line":961,"column":28}}]},"194":{"line":961,"type":"binary-expr","locations":[{"start":{"line":961,"column":32},"end":{"line":961,"column":87}},{"start":{"line":961,"column":91},"end":{"line":961,"column":135}}]},"195":{"line":978,"type":"binary-expr","locations":[{"start":{"line":978,"column":23},"end":{"line":978,"column":26}},{"start":{"line":978,"column":30},"end":{"line":978,"column":53}}]},"196":{"line":984,"type":"if","locations":[{"start":{"line":984,"column":20},"end":{"line":984,"column":20}},{"start":{"line":984,"column":20},"end":{"line":984,"column":20}}]},"197":{"line":986,"type":"if","locations":[{"start":{"line":986,"column":27},"end":{"line":986,"column":27}},{"start":{"line":986,"column":27},"end":{"line":986,"column":27}}]},"198":{"line":1000,"type":"if","locations":[{"start":{"line":1000,"column":20},"end":{"line":1000,"column":20}},{"start":{"line":1000,"column":20},"end":{"line":1000,"column":20}}]},"199":{"line":1000,"type":"binary-expr","locations":[{"start":{"line":1000,"column":24},"end":{"line":1000,"column":46}},{"start":{"line":1000,"column":50},"end":{"line":1000,"column":83}}]},"200":{"line":1010,"type":"if","locations":[{"start":{"line":1010,"column":12},"end":{"line":1010,"column":12}},{"start":{"line":1010,"column":12},"end":{"line":1010,"column":12}}]},"201":{"line":1022,"type":"if","locations":[{"start":{"line":1022,"column":20},"end":{"line":1022,"column":20}},{"start":{"line":1022,"column":20},"end":{"line":1022,"column":20}}]},"202":{"line":1042,"type":"if","locations":[{"start":{"line":1042,"column":32},"end":{"line":1042,"column":32}},{"start":{"line":1042,"column":32},"end":{"line":1042,"column":32}}]},"203":{"line":1045,"type":"if","locations":[{"start":{"line":1045,"column":36},"end":{"line":1045,"column":36}},{"start":{"line":1045,"column":36},"end":{"line":1045,"column":36}}]},"204":{"line":1050,"type":"if","locations":[{"start":{"line":1050,"column":39},"end":{"line":1050,"column":39}},{"start":{"line":1050,"column":39},"end":{"line":1050,"column":39}}]},"205":{"line":1053,"type":"if","locations":[{"start":{"line":1053,"column":36},"end":{"line":1053,"column":36}},{"start":{"line":1053,"column":36},"end":{"line":1053,"column":36}}]},"206":{"line":1062,"type":"if","locations":[{"start":{"line":1062,"column":32},"end":{"line":1062,"column":32}},{"start":{"line":1062,"column":32},"end":{"line":1062,"column":32}}]},"207":{"line":1065,"type":"if","locations":[{"start":{"line":1065,"column":36},"end":{"line":1065,"column":36}},{"start":{"line":1065,"column":36},"end":{"line":1065,"column":36}}]},"208":{"line":1087,"type":"binary-expr","locations":[{"start":{"line":1087,"column":23},"end":{"line":1087,"column":26}},{"start":{"line":1087,"column":30},"end":{"line":1087,"column":53}}]},"209":{"line":1091,"type":"if","locations":[{"start":{"line":1091,"column":20},"end":{"line":1091,"column":20}},{"start":{"line":1091,"column":20},"end":{"line":1091,"column":20}}]},"210":{"line":1097,"type":"if","locations":[{"start":{"line":1097,"column":20},"end":{"line":1097,"column":20}},{"start":{"line":1097,"column":20},"end":{"line":1097,"column":20}}]},"211":{"line":1115,"type":"if","locations":[{"start":{"line":1115,"column":12},"end":{"line":1115,"column":12}},{"start":{"line":1115,"column":12},"end":{"line":1115,"column":12}}]},"212":{"line":1121,"type":"if","locations":[{"start":{"line":1121,"column":24},"end":{"line":1121,"column":24}},{"start":{"line":1121,"column":24},"end":{"line":1121,"column":24}}]},"213":{"line":1128,"type":"if","locations":[{"start":{"line":1128,"column":24},"end":{"line":1128,"column":24}},{"start":{"line":1128,"column":24},"end":{"line":1128,"column":24}}]},"214":{"line":1142,"type":"if","locations":[{"start":{"line":1142,"column":32},"end":{"line":1142,"column":32}},{"start":{"line":1142,"column":32},"end":{"line":1142,"column":32}}]},"215":{"line":1145,"type":"if","locations":[{"start":{"line":1145,"column":36},"end":{"line":1145,"column":36}},{"start":{"line":1145,"column":36},"end":{"line":1145,"column":36}}]},"216":{"line":1150,"type":"if","locations":[{"start":{"line":1150,"column":39},"end":{"line":1150,"column":39}},{"start":{"line":1150,"column":39},"end":{"line":1150,"column":39}}]},"217":{"line":1156,"type":"if","locations":[{"start":{"line":1156,"column":32},"end":{"line":1156,"column":32}},{"start":{"line":1156,"column":32},"end":{"line":1156,"column":32}}]},"218":{"line":1159,"type":"if","locations":[{"start":{"line":1159,"column":36},"end":{"line":1159,"column":36}},{"start":{"line":1159,"column":36},"end":{"line":1159,"column":36}}]},"219":{"line":1164,"type":"if","locations":[{"start":{"line":1164,"column":39},"end":{"line":1164,"column":39}},{"start":{"line":1164,"column":39},"end":{"line":1164,"column":39}}]},"220":{"line":1183,"type":"binary-expr","locations":[{"start":{"line":1183,"column":23},"end":{"line":1183,"column":26}},{"start":{"line":1183,"column":30},"end":{"line":1183,"column":57}}]},"221":{"line":1187,"type":"if","locations":[{"start":{"line":1187,"column":20},"end":{"line":1187,"column":20}},{"start":{"line":1187,"column":20},"end":{"line":1187,"column":20}}]},"222":{"line":1197,"type":"if","locations":[{"start":{"line":1197,"column":24},"end":{"line":1197,"column":24}},{"start":{"line":1197,"column":24},"end":{"line":1197,"column":24}}]},"223":{"line":1200,"type":"if","locations":[{"start":{"line":1200,"column":24},"end":{"line":1200,"column":24}},{"start":{"line":1200,"column":24},"end":{"line":1200,"column":24}}]},"224":{"line":1200,"type":"binary-expr","locations":[{"start":{"line":1200,"column":28},"end":{"line":1200,"column":55}},{"start":{"line":1200,"column":59},"end":{"line":1200,"column":88}}]},"225":{"line":1202,"type":"if","locations":[{"start":{"line":1202,"column":31},"end":{"line":1202,"column":31}},{"start":{"line":1202,"column":31},"end":{"line":1202,"column":31}}]},"226":{"line":1227,"type":"if","locations":[{"start":{"line":1227,"column":12},"end":{"line":1227,"column":12}},{"start":{"line":1227,"column":12},"end":{"line":1227,"column":12}}]},"227":{"line":1229,"type":"if","locations":[{"start":{"line":1229,"column":19},"end":{"line":1229,"column":19}},{"start":{"line":1229,"column":19},"end":{"line":1229,"column":19}}]},"228":{"line":1229,"type":"binary-expr","locations":[{"start":{"line":1229,"column":23},"end":{"line":1229,"column":48}},{"start":{"line":1229,"column":53},"end":{"line":1229,"column":81}},{"start":{"line":1229,"column":85},"end":{"line":1229,"column":107}}]},"229":{"line":1232,"type":"binary-expr","locations":[{"start":{"line":1232,"column":24},"end":{"line":1232,"column":29}},{"start":{"line":1232,"column":33},"end":{"line":1232,"column":35}}]},"230":{"line":1236,"type":"if","locations":[{"start":{"line":1236,"column":12},"end":{"line":1236,"column":12}},{"start":{"line":1236,"column":12},"end":{"line":1236,"column":12}}]},"231":{"line":1238,"type":"if","locations":[{"start":{"line":1238,"column":19},"end":{"line":1238,"column":19}},{"start":{"line":1238,"column":19},"end":{"line":1238,"column":19}}]},"232":{"line":1238,"type":"binary-expr","locations":[{"start":{"line":1238,"column":23},"end":{"line":1238,"column":38}},{"start":{"line":1238,"column":42},"end":{"line":1238,"column":77}}]},"233":{"line":1240,"type":"if","locations":[{"start":{"line":1240,"column":16},"end":{"line":1240,"column":16}},{"start":{"line":1240,"column":16},"end":{"line":1240,"column":16}}]},"234":{"line":1249,"type":"if","locations":[{"start":{"line":1249,"column":20},"end":{"line":1249,"column":20}},{"start":{"line":1249,"column":20},"end":{"line":1249,"column":20}}]},"235":{"line":1251,"type":"if","locations":[{"start":{"line":1251,"column":24},"end":{"line":1251,"column":24}},{"start":{"line":1251,"column":24},"end":{"line":1251,"column":24}}]},"236":{"line":1253,"type":"if","locations":[{"start":{"line":1253,"column":31},"end":{"line":1253,"column":31}},{"start":{"line":1253,"column":31},"end":{"line":1253,"column":31}}]},"237":{"line":1255,"type":"if","locations":[{"start":{"line":1255,"column":31},"end":{"line":1255,"column":31}},{"start":{"line":1255,"column":31},"end":{"line":1255,"column":31}}]},"238":{"line":1255,"type":"binary-expr","locations":[{"start":{"line":1255,"column":35},"end":{"line":1255,"column":50}},{"start":{"line":1255,"column":54},"end":{"line":1255,"column":89}}]},"239":{"line":1264,"type":"if","locations":[{"start":{"line":1264,"column":12},"end":{"line":1264,"column":12}},{"start":{"line":1264,"column":12},"end":{"line":1264,"column":12}}]},"240":{"line":1264,"type":"binary-expr","locations":[{"start":{"line":1264,"column":16},"end":{"line":1264,"column":42}},{"start":{"line":1264,"column":46},"end":{"line":1264,"column":84}},{"start":{"line":1264,"column":88},"end":{"line":1264,"column":125}}]},"241":{"line":1267,"type":"if","locations":[{"start":{"line":1267,"column":24},"end":{"line":1267,"column":24}},{"start":{"line":1267,"column":24},"end":{"line":1267,"column":24}}]},"242":{"line":1284,"type":"if","locations":[{"start":{"line":1284,"column":36},"end":{"line":1284,"column":36}},{"start":{"line":1284,"column":36},"end":{"line":1284,"column":36}}]},"243":{"line":1288,"type":"binary-expr","locations":[{"start":{"line":1288,"column":63},"end":{"line":1288,"column":78}},{"start":{"line":1288,"column":82},"end":{"line":1288,"column":110}},{"start":{"line":1288,"column":114},"end":{"line":1288,"column":138}}]},"244":{"line":1289,"type":"binary-expr","locations":[{"start":{"line":1289,"column":62},"end":{"line":1289,"column":82}},{"start":{"line":1289,"column":86},"end":{"line":1289,"column":116}}]},"245":{"line":1290,"type":"if","locations":[{"start":{"line":1290,"column":36},"end":{"line":1290,"column":36}},{"start":{"line":1290,"column":36},"end":{"line":1290,"column":36}}]},"246":{"line":1290,"type":"binary-expr","locations":[{"start":{"line":1290,"column":40},"end":{"line":1290,"column":68}},{"start":{"line":1290,"column":72},"end":{"line":1290,"column":93}}]},"247":{"line":1291,"type":"if","locations":[{"start":{"line":1291,"column":40},"end":{"line":1291,"column":40}},{"start":{"line":1291,"column":40},"end":{"line":1291,"column":40}}]},"248":{"line":1291,"type":"binary-expr","locations":[{"start":{"line":1291,"column":44},"end":{"line":1291,"column":81}},{"start":{"line":1291,"column":85},"end":{"line":1291,"column":105}}]},"249":{"line":1292,"type":"if","locations":[{"start":{"line":1292,"column":44},"end":{"line":1292,"column":44}},{"start":{"line":1292,"column":44},"end":{"line":1292,"column":44}}]},"250":{"line":1296,"type":"if","locations":[{"start":{"line":1296,"column":48},"end":{"line":1296,"column":48}},{"start":{"line":1296,"column":48},"end":{"line":1296,"column":48}}]},"251":{"line":1297,"type":"binary-expr","locations":[{"start":{"line":1297,"column":79},"end":{"line":1297,"column":110}},{"start":{"line":1297,"column":114},"end":{"line":1297,"column":130}}]},"252":{"line":1303,"type":"if","locations":[{"start":{"line":1303,"column":43},"end":{"line":1303,"column":43}},{"start":{"line":1303,"column":43},"end":{"line":1303,"column":43}}]},"253":{"line":1306,"type":"if","locations":[{"start":{"line":1306,"column":44},"end":{"line":1306,"column":44}},{"start":{"line":1306,"column":44},"end":{"line":1306,"column":44}}]},"254":{"line":1306,"type":"binary-expr","locations":[{"start":{"line":1306,"column":48},"end":{"line":1306,"column":67}},{"start":{"line":1306,"column":71},"end":{"line":1306,"column":95}}]}}},"/home/andreas/work/unexpected-messy/lib/isRegExp.js":{"path":"/home/andreas/work/unexpected-messy/lib/isRegExp.js","s":{"1":1,"2":339,"3":339,"4":339,"5":0,"6":339},"b":{"1":[339,334,0,0,0,0,0]},"f":{"1":339},"fnMap":{"1":{"name":"isRegExp","line":1,"loc":{"start":{"line":1,"column":17},"end":{"line":1,"column":39}}}},"statementMap":{"1":{"start":{"line":1,"column":0},"end":{"line":17,"column":2}},"2":{"start":{"line":2,"column":4},"end":{"line":2,"column":10}},"3":{"start":{"line":3,"column":4},"end":{"line":7,"column":5}},"4":{"start":{"line":4,"column":8},"end":{"line":4,"column":20}},"5":{"start":{"line":6,"column":8},"end":{"line":6,"column":21}},"6":{"start":{"line":9,"column":4},"end":{"line":16,"column":42}}},"branchMap":{"1":{"line":9,"type":"binary-expr","locations":[{"start":{"line":9,"column":11},"end":{"line":9,"column":31}},{"start":{"line":11,"column":8},"end":{"line":11,"column":33}},{"start":{"line":12,"column":12},"end":{"line":12,"column":44}},{"start":{"line":13,"column":12},"end":{"line":13,"column":22}},{"start":{"line":14,"column":12},"end":{"line":14,"column":19}},{"start":{"line":15,"column":12},"end":{"line":15,"column":19}},{"start":{"line":16,"column":12},"end":{"line":16,"column":41}}]}}}}