TN:
SF:/home/andreas/work/unexpected-messy/lib/unexpectedMessy.js
FN:63,convertSatisfySpecToInstance
FN:71,traverse
FN:73,(anonymous_3)
FN:78,(anonymous_4)
FN:102,unexpectedMessy
FN:105,(anonymous_6)
FN:113,(anonymous_7)
FN:121,(anonymous_8)
FN:124,(anonymous_9)
FN:127,(anonymous_10)
FN:128,(anonymous_11)
FN:130,(anonymous_12)
FN:131,(anonymous_13)
FN:145,(anonymous_14)
FN:146,(anonymous_15)
FN:149,outputHeader
FN:160,(anonymous_17)
FN:189,(anonymous_18)
FN:190,(anonymous_19)
FN:200,(anonymous_20)
FN:207,(anonymous_21)
FN:209,(anonymous_22)
FN:218,(anonymous_23)
FN:226,(anonymous_24)
FN:231,(anonymous_25)
FN:239,(anonymous_26)
FN:244,(anonymous_27)
FN:245,(anonymous_28)
FN:254,(anonymous_29)
FN:260,(anonymous_30)
FN:261,(anonymous_31)
FN:269,(anonymous_32)
FN:270,(anonymous_33)
FN:272,(anonymous_34)
FN:274,(anonymous_35)
FN:276,(anonymous_36)
FN:280,(anonymous_37)
FN:283,outputHeader
FN:294,(anonymous_39)
FN:328,(anonymous_40)
FN:347,(anonymous_41)
FN:348,(anonymous_42)
FN:366,(anonymous_43)
FN:369,(anonymous_44)
FN:372,(anonymous_45)
FN:373,(anonymous_46)
FN:380,(anonymous_47)
FN:406,(anonymous_48)
FN:407,(anonymous_49)
FN:435,(anonymous_50)
FN:444,(anonymous_51)
FN:449,(anonymous_52)
FN:459,(anonymous_53)
FN:466,(anonymous_54)
FN:471,(anonymous_55)
FN:476,(anonymous_56)
FN:481,(anonymous_57)
FN:488,(anonymous_58)
FN:489,(anonymous_59)
FN:495,(anonymous_60)
FN:505,(anonymous_61)
FN:513,(anonymous_62)
FN:514,(anonymous_63)
FN:516,(anonymous_64)
FN:517,(anonymous_65)
FN:535,(anonymous_66)
FN:586,(anonymous_67)
FN:597,(anonymous_68)
FN:607,(anonymous_69)
FN:617,(anonymous_70)
FN:623,(anonymous_71)
FN:630,(anonymous_72)
FN:635,(anonymous_73)
FN:639,(anonymous_74)
FN:641,(anonymous_75)
FN:658,(anonymous_76)
FN:661,(anonymous_77)
FN:664,(anonymous_78)
FN:667,(anonymous_79)
FN:670,(anonymous_80)
FN:673,(anonymous_81)
FN:679,(anonymous_82)
FN:682,(anonymous_83)
FN:685,(anonymous_84)
FN:708,(anonymous_85)
FN:712,(anonymous_86)
FN:722,(anonymous_87)
FN:727,(anonymous_88)
FN:733,(anonymous_89)
FN:735,(anonymous_90)
FN:740,(anonymous_91)
FN:756,(anonymous_92)
FN:759,(anonymous_93)
FN:762,(anonymous_94)
FN:764,(anonymous_95)
FN:774,(anonymous_96)
FN:776,(anonymous_97)
FN:785,(anonymous_98)
FN:793,(anonymous_99)
FN:796,(anonymous_100)
FN:800,(anonymous_101)
FN:803,(anonymous_102)
FN:808,(anonymous_103)
FN:814,(anonymous_104)
FN:815,(anonymous_105)
FN:822,(anonymous_106)
FN:823,(anonymous_107)
FN:825,(anonymous_108)
FN:826,(anonymous_109)
FN:835,(anonymous_110)
FN:862,(anonymous_111)
FN:870,(anonymous_112)
FN:886,(anonymous_113)
FN:889,(anonymous_114)
FN:892,(anonymous_115)
FN:915,(anonymous_116)
FN:919,(anonymous_117)
FN:929,(anonymous_118)
FN:934,(anonymous_119)
FN:942,(anonymous_120)
FN:944,(anonymous_121)
FN:955,(anonymous_122)
FN:974,(anonymous_123)
FN:977,(anonymous_124)
FN:980,(anonymous_125)
FN:982,(anonymous_126)
FN:992,(anonymous_127)
FN:994,(anonymous_128)
FN:1009,(anonymous_129)
FN:1017,(anonymous_130)
FN:1021,(anonymous_131)
FN:1026,(anonymous_132)
FN:1030,(anonymous_133)
FN:1035,(anonymous_134)
FN:1036,(anonymous_135)
FN:1038,(anonymous_136)
FN:1039,(anonymous_137)
FN:1083,(anonymous_138)
FN:1086,(anonymous_139)
FN:1089,(anonymous_140)
FN:1090,(anonymous_141)
FN:1104,(anonymous_142)
FN:1105,(anonymous_143)
FN:1114,(anonymous_144)
FN:1120,(anonymous_145)
FN:1127,(anonymous_146)
FN:1135,(anonymous_147)
FN:1136,(anonymous_148)
FN:1138,(anonymous_149)
FN:1139,(anonymous_150)
FN:1179,(anonymous_151)
FN:1182,(anonymous_152)
FN:1185,(anonymous_153)
FN:1186,(anonymous_154)
FN:1194,(anonymous_155)
FN:1195,(anonymous_156)
FN:1203,(anonymous_157)
FN:1205,(anonymous_158)
FN:1211,(anonymous_159)
FN:1213,(anonymous_160)
FN:1223,(anonymous_161)
FN:1226,(anonymous_162)
FN:1241,(anonymous_163)
FN:1248,(anonymous_164)
FN:1256,(anonymous_165)
FN:1265,(anonymous_166)
FN:1266,(anonymous_167)
FN:1277,(anonymous_168)
FN:1278,(anonymous_169)
FN:1280,(anonymous_170)
FN:1281,(anonymous_171)
FN:1304,(anonymous_172)
FN:1313,(anonymous_173)
FNF:173
FNH:161
FNDA:4,convertSatisfySpecToInstance
FNDA:21,traverse
FNDA:0,(anonymous_3)
FNDA:17,(anonymous_4)
FNDA:1,unexpectedMessy
FNDA:162,(anonymous_6)
FNDA:122,(anonymous_7)
FNDA:4211,(anonymous_8)
FNDA:0,(anonymous_9)
FNDA:279,(anonymous_10)
FNDA:279,(anonymous_11)
FNDA:344,(anonymous_12)
FNDA:344,(anonymous_13)
FNDA:21,(anonymous_14)
FNDA:21,(anonymous_15)
FNDA:36,outputHeader
FNDA:31,(anonymous_17)
FNDA:3,(anonymous_18)
FNDA:3,(anonymous_19)
FNDA:79,(anonymous_20)
FNDA:78,(anonymous_21)
FNDA:72,(anonymous_22)
FNDA:19,(anonymous_23)
FNDA:104,(anonymous_24)
FNDA:74,(anonymous_25)
FNDA:76,(anonymous_26)
FNDA:82,(anonymous_27)
FNDA:82,(anonymous_28)
FNDA:18,(anonymous_29)
FNDA:57,(anonymous_30)
FNDA:58,(anonymous_31)
FNDA:42,(anonymous_32)
FNDA:41,(anonymous_33)
FNDA:52,(anonymous_34)
FNDA:46,(anonymous_35)
FNDA:46,(anonymous_36)
FNDA:52,(anonymous_37)
FNDA:86,outputHeader
FNDA:74,(anonymous_39)
FNDA:40,(anonymous_40)
FNDA:14,(anonymous_41)
FNDA:14,(anonymous_42)
FNDA:4432,(anonymous_43)
FNDA:0,(anonymous_44)
FNDA:232,(anonymous_45)
FNDA:232,(anonymous_46)
FNDA:22,(anonymous_47)
FNDA:16,(anonymous_48)
FNDA:16,(anonymous_49)
FNDA:106,(anonymous_50)
FNDA:106,(anonymous_51)
FNDA:106,(anonymous_52)
FNDA:98,(anonymous_53)
FNDA:101,(anonymous_54)
FNDA:101,(anonymous_55)
FNDA:101,(anonymous_56)
FNDA:101,(anonymous_57)
FNDA:9,(anonymous_58)
FNDA:9,(anonymous_59)
FNDA:101,(anonymous_60)
FNDA:1,(anonymous_61)
FNDA:47,(anonymous_62)
FNDA:46,(anonymous_63)
FNDA:74,(anonymous_64)
FNDA:74,(anonymous_65)
FNDA:20,(anonymous_66)
FNDA:0,(anonymous_67)
FNDA:2,(anonymous_68)
FNDA:0,(anonymous_69)
FNDA:0,(anonymous_70)
FNDA:4,(anonymous_71)
FNDA:2,(anonymous_72)
FNDA:2,(anonymous_73)
FNDA:2,(anonymous_74)
FNDA:2,(anonymous_75)
FNDA:2,(anonymous_76)
FNDA:1,(anonymous_77)
FNDA:6,(anonymous_78)
FNDA:0,(anonymous_79)
FNDA:7,(anonymous_80)
FNDA:4,(anonymous_81)
FNDA:4658,(anonymous_82)
FNDA:10,(anonymous_83)
FNDA:146,(anonymous_84)
FNDA:10,(anonymous_85)
FNDA:12,(anonymous_86)
FNDA:42,(anonymous_87)
FNDA:42,(anonymous_88)
FNDA:14,(anonymous_89)
FNDA:26,(anonymous_90)
FNDA:194,(anonymous_91)
FNDA:4757,(anonymous_92)
FNDA:0,(anonymous_93)
FNDA:68,(anonymous_94)
FNDA:68,(anonymous_95)
FNDA:7,(anonymous_96)
FNDA:7,(anonymous_97)
FNDA:31,(anonymous_98)
FNDA:124,(anonymous_99)
FNDA:42,(anonymous_100)
FNDA:31,(anonymous_101)
FNDA:31,(anonymous_102)
FNDA:31,(anonymous_103)
FNDA:124,(anonymous_104)
FNDA:124,(anonymous_105)
FNDA:21,(anonymous_106)
FNDA:21,(anonymous_107)
FNDA:36,(anonymous_108)
FNDA:36,(anonymous_109)
FNDA:0,(anonymous_110)
FNDA:144,(anonymous_111)
FNDA:6,(anonymous_112)
FNDA:4949,(anonymous_113)
FNDA:10,(anonymous_114)
FNDA:122,(anonymous_115)
FNDA:10,(anonymous_116)
FNDA:27,(anonymous_117)
FNDA:37,(anonymous_118)
FNDA:37,(anonymous_119)
FNDA:11,(anonymous_120)
FNDA:20,(anonymous_121)
FNDA:66,(anonymous_122)
FNDA:0,(anonymous_123)
FNDA:5030,(anonymous_124)
FNDA:60,(anonymous_125)
FNDA:60,(anonymous_126)
FNDA:7,(anonymous_127)
FNDA:7,(anonymous_128)
FNDA:21,(anonymous_129)
FNDA:20,(anonymous_130)
FNDA:21,(anonymous_131)
FNDA:21,(anonymous_132)
FNDA:21,(anonymous_133)
FNDA:13,(anonymous_134)
FNDA:13,(anonymous_135)
FNDA:20,(anonymous_136)
FNDA:20,(anonymous_137)
FNDA:0,(anonymous_138)
FNDA:5095,(anonymous_139)
FNDA:43,(anonymous_140)
FNDA:43,(anonymous_141)
FNDA:5,(anonymous_142)
FNDA:5,(anonymous_143)
FNDA:16,(anonymous_144)
FNDA:16,(anonymous_145)
FNDA:16,(anonymous_146)
FNDA:9,(anonymous_147)
FNDA:9,(anonymous_148)
FNDA:18,(anonymous_149)
FNDA:18,(anonymous_150)
FNDA:0,(anonymous_151)
FNDA:5130,(anonymous_152)
FNDA:16,(anonymous_153)
FNDA:19,(anonymous_154)
FNDA:3,(anonymous_155)
FNDA:3,(anonymous_156)
FNDA:1,(anonymous_157)
FNDA:1,(anonymous_158)
FNDA:1,(anonymous_159)
FNDA:1,(anonymous_160)
FNDA:7,(anonymous_161)
FNDA:10,(anonymous_162)
FNDA:2,(anonymous_163)
FNDA:10,(anonymous_164)
FNDA:2,(anonymous_165)
FNDA:11,(anonymous_166)
FNDA:11,(anonymous_167)
FNDA:7,(anonymous_168)
FNDA:7,(anonymous_169)
FNDA:14,(anonymous_170)
FNDA:14,(anonymous_171)
FNDA:4,(anonymous_172)
FNDA:2,(anonymous_173)
DA:1,1
DA:63,1
DA:64,4
DA:66,4
DA:67,0
DA:68,4
DA:69,0
DA:71,4
DA:72,21
DA:73,0
DA:74,0
DA:76,21
DA:77,12
DA:78,12
DA:79,17
DA:80,17
DA:81,17
DA:84,12
DA:85,9
DA:86,8
DA:88,1
DA:89,1
DA:90,2
DA:92,1
DA:93,1
DA:97,4
DA:100,1
DA:103,1
DA:105,1
DA:106,162
DA:107,150
DA:109,12
DA:113,1
DA:114,122
DA:118,1
DA:122,4211
DA:125,0
DA:128,279
DA:129,279
DA:130,279
DA:131,344
DA:132,344
DA:133,256
DA:135,88
DA:137,344
DA:146,21
DA:147,21
DA:148,21
DA:149,1
DA:150,36
DA:153,36
DA:154,36
DA:157,21
DA:160,21
DA:162,31
DA:165,31
DA:166,33
DA:167,33
DA:168,22
DA:169,22
DA:173,31
DA:174,31
DA:175,11
DA:176,11
DA:177,11
DA:178,11
DA:179,4
DA:180,4
DA:181,4
DA:183,7
DA:189,21
DA:190,3
DA:191,3
DA:192,3
DA:193,3
DA:197,21
DA:201,79
DA:202,1
DA:204,78
DA:208,78
DA:209,69
DA:210,72
DA:211,4
DA:213,68
DA:217,69
DA:218,16
DA:219,19
DA:226,78
DA:227,104
DA:228,104
DA:229,33
DA:231,71
DA:232,74
DA:233,63
DA:235,11
DA:238,71
DA:239,71
DA:240,76
DA:242,0
DA:244,76
DA:245,82
DA:246,82
DA:252,71
DA:253,14
DA:255,18
DA:259,57
DA:261,57
DA:262,58
DA:269,78
DA:270,42
DA:271,41
DA:273,52
DA:274,52
DA:275,46
DA:276,46
DA:277,46
DA:280,52
DA:281,52
DA:282,52
DA:283,1
DA:284,86
DA:287,86
DA:288,86
DA:291,52
DA:294,52
DA:296,74
DA:299,74
DA:300,74
DA:301,74
DA:302,46
DA:303,46
DA:304,4
DA:305,4
DA:306,4
DA:307,4
DA:308,4
DA:314,74
DA:315,74
DA:316,70
DA:317,70
DA:318,70
DA:319,70
DA:320,42
DA:321,42
DA:322,2
DA:324,40
DA:325,40
DA:326,40
DA:327,40
DA:329,40
DA:330,40
DA:331,40
DA:332,34
DA:336,40
DA:337,40
DA:339,28
DA:340,0
DA:347,52
DA:348,14
DA:349,14
DA:350,12
DA:351,12
DA:352,12
DA:357,52
DA:367,4432
DA:370,0
DA:373,232
DA:374,232
DA:375,232
DA:376,200
DA:377,197
DA:379,200
DA:380,11
DA:381,22
DA:387,11
DA:389,189
DA:390,189
DA:391,95
DA:392,95
DA:393,55
DA:394,55
DA:396,40
DA:400,94
DA:407,16
DA:408,16
DA:409,16
DA:411,16
DA:412,16
DA:413,16
DA:414,16
DA:415,16
DA:417,0
DA:418,0
DA:419,0
DA:420,0
DA:421,0
DA:423,0
DA:427,0
DA:432,16
DA:436,106
DA:437,1
DA:438,105
DA:439,4
DA:442,106
DA:445,106
DA:446,50
DA:450,106
DA:451,42
DA:452,64
DA:453,4
DA:458,106
DA:459,101
DA:460,98
DA:462,101
DA:463,0
DA:466,101
DA:467,101
DA:468,6
DA:471,101
DA:472,101
DA:473,2
DA:476,101
DA:477,101
DA:478,1
DA:481,101
DA:482,101
DA:483,0
DA:487,101
DA:488,5
DA:489,9
DA:490,9
DA:495,101
DA:496,101
DA:497,7
DA:498,7
DA:499,7
DA:500,2
DA:501,5
DA:502,4
DA:503,2
DA:504,1
DA:505,1
DA:506,1
DA:513,106
DA:514,47
DA:515,46
DA:517,74
DA:518,74
DA:519,74
DA:520,42
DA:521,42
DA:522,42
DA:525,32
DA:527,74
DA:530,74
DA:531,32
DA:532,42
DA:533,32
DA:534,32
DA:535,10
DA:536,20
DA:537,20
DA:539,20
DA:540,10
DA:541,2
DA:543,8
DA:544,8
DA:545,0
DA:549,10
DA:551,20
DA:553,10
DA:554,22
DA:555,16
DA:558,6
DA:560,32
DA:561,2
DA:563,10
DA:564,2
DA:565,8
DA:566,0
DA:567,0
DA:570,0
DA:572,0
DA:575,74
DA:576,2
DA:577,2
DA:578,2
DA:579,2
DA:580,0
DA:584,74
DA:585,0
DA:586,0
DA:587,0
DA:588,0
DA:589,0
DA:590,0
DA:595,74
DA:596,2
DA:597,2
DA:598,2
DA:599,2
DA:600,2
DA:601,2
DA:605,74
DA:606,0
DA:607,0
DA:608,0
DA:609,0
DA:610,0
DA:611,0
DA:615,74
DA:616,10
DA:617,0
DA:618,0
DA:621,10
DA:622,6
DA:623,4
DA:624,4
DA:627,4
DA:628,2
DA:629,2
DA:630,2
DA:631,2
DA:634,2
DA:635,2
DA:636,2
DA:638,2
DA:639,2
DA:640,2
DA:641,2
DA:642,2
DA:643,0
DA:645,2
DA:652,74
DA:659,2
DA:662,1
DA:665,6
DA:668,0
DA:671,7
DA:674,4
DA:680,4658
DA:683,10
DA:686,146
DA:687,146
DA:688,134
DA:689,134
DA:692,146
DA:693,140
DA:695,140
DA:697,146
DA:698,120
DA:699,120
DA:700,120
DA:702,120
DA:703,120
DA:706,146
DA:709,10
DA:710,10
DA:711,4
DA:712,4
DA:713,12
DA:714,9
DA:717,4
DA:719,10
DA:723,42
DA:724,1
DA:726,42
DA:727,42
DA:728,42
DA:729,38
DA:731,4
DA:734,14
DA:736,26
DA:737,1
DA:739,26
DA:740,26
DA:741,194
DA:743,2
DA:745,24
DA:746,24
DA:748,26
DA:757,4757
DA:760,0
DA:763,68
DA:764,68
DA:765,68
DA:766,68
DA:767,58
DA:768,10
DA:769,1
DA:771,68
DA:775,7
DA:776,7
DA:777,7
DA:782,7
DA:786,31
DA:787,1
DA:789,31
DA:791,31
DA:793,31
DA:794,124
DA:796,31
DA:797,42
DA:799,31
DA:801,31
DA:804,31
DA:805,8
DA:810,31
DA:814,31
DA:815,124
DA:816,124
DA:817,9
DA:822,31
DA:823,21
DA:824,21
DA:826,36
DA:827,36
DA:829,36
DA:830,8
DA:831,8
DA:832,8
DA:833,8
DA:835,0
DA:836,0
DA:839,28
DA:840,14
DA:841,14
DA:842,14
DA:843,14
DA:845,0
DA:848,14
DA:850,36
DA:851,36
DA:852,18
DA:853,18
DA:854,18
DA:855,18
DA:857,0
DA:860,18
DA:862,36
DA:863,144
DA:864,144
DA:865,10
DA:866,2
DA:867,8
DA:868,2
DA:870,6
DA:871,6
DA:877,36
DA:887,4949
DA:890,10
DA:893,122
DA:894,122
DA:895,112
DA:896,112
DA:898,112
DA:899,112
DA:901,112
DA:903,122
DA:904,122
DA:907,122
DA:909,122
DA:910,122
DA:913,122
DA:916,10
DA:917,10
DA:918,9
DA:919,9
DA:920,27
DA:921,18
DA:924,9
DA:926,10
DA:930,37
DA:931,1
DA:933,37
DA:934,37
DA:935,37
DA:936,5
DA:937,32
DA:938,28
DA:940,4
DA:943,11
DA:945,20
DA:946,20
DA:947,6
DA:948,4
DA:949,4
DA:950,4
DA:953,2
DA:955,14
DA:956,66
DA:958,2
DA:960,12
DA:961,12
DA:962,10
DA:964,12
DA:966,20
DA:975,0
DA:978,5030
DA:981,60
DA:982,60
DA:983,60
DA:984,60
DA:985,58
DA:986,2
DA:987,1
DA:989,60
DA:993,7
DA:994,7
DA:995,7
DA:996,7
DA:999,7
DA:1000,7
DA:1001,7
DA:1006,7
DA:1010,21
DA:1011,1
DA:1013,21
DA:1015,21
DA:1017,21
DA:1018,20
DA:1020,21
DA:1022,21
DA:1023,8
DA:1028,21
DA:1031,21
DA:1035,21
DA:1036,13
DA:1037,13
DA:1039,20
DA:1040,20
DA:1042,20
DA:1043,6
DA:1044,6
DA:1045,6
DA:1046,6
DA:1048,0
DA:1050,14
DA:1051,4
DA:1052,4
DA:1053,4
DA:1054,4
DA:1056,0
DA:1059,10
DA:1061,20
DA:1062,20
DA:1063,20
DA:1064,20
DA:1065,20
DA:1066,20
DA:1068,0
DA:1071,0
DA:1074,20
DA:1084,0
DA:1087,5095
DA:1090,43
DA:1091,43
DA:1092,42
DA:1094,1
DA:1096,43
DA:1097,43
DA:1098,40
DA:1100,3
DA:1105,5
DA:1106,5
DA:1111,5
DA:1115,16
DA:1116,1
DA:1118,16
DA:1121,16
DA:1122,11
DA:1124,5
DA:1128,16
DA:1129,8
DA:1131,8
DA:1135,16
DA:1136,9
DA:1137,9
DA:1139,18
DA:1140,18
DA:1142,18
DA:1143,16
DA:1144,16
DA:1145,16
DA:1146,16
DA:1148,0
DA:1150,2
DA:1151,2
DA:1153,0
DA:1155,18
DA:1156,18
DA:1157,10
DA:1158,10
DA:1159,10
DA:1160,10
DA:1162,0
DA:1164,8
DA:1165,6
DA:1167,2
DA:1170,18
DA:1180,0
DA:1183,5130
DA:1186,16
DA:1187,19
DA:1188,3
DA:1190,19
DA:1192,16
DA:1195,3
DA:1196,3
DA:1197,6
DA:1198,3
DA:1200,6
DA:1201,4
DA:1202,2
DA:1203,1
DA:1204,1
DA:1206,1
DA:1211,1
DA:1212,1
DA:1214,1
DA:1220,3
DA:1224,7
DA:1227,10
DA:1228,1
DA:1229,9
DA:1230,0
DA:1232,9
DA:1235,10
DA:1236,10
DA:1237,7
DA:1238,3
DA:1239,2
DA:1240,2
DA:1241,2
DA:1242,2
DA:1247,10
DA:1249,10
DA:1250,9
DA:1251,9
DA:1252,0
DA:1253,9
DA:1254,7
DA:1255,2
DA:1256,2
DA:1257,2
DA:1264,10
DA:1265,9
DA:1266,11
DA:1267,11
DA:1268,9
DA:1270,2
DA:1271,2
DA:1277,10
DA:1278,7
DA:1279,7
DA:1281,14
DA:1282,14
DA:1283,14
DA:1284,20
DA:1285,6
DA:1288,20
DA:1290,20
DA:1291,14
DA:1292,14
DA:1293,8
DA:1295,6
DA:1296,6
DA:1297,0
DA:1301,0
DA:1303,6
DA:1304,4
DA:1305,4
DA:1306,4
DA:1307,2
DA:1309,2
DA:1313,2
DA:1314,2
DA:1319,14
LF:678
LH:620
BRDA:66,1,0,0
BRDA:66,1,1,4
BRDA:68,2,0,0
BRDA:68,2,1,4
BRDA:68,3,0,4
BRDA:68,3,1,4
BRDA:72,4,0,0
BRDA:72,4,1,21
BRDA:76,5,0,12
BRDA:76,5,1,9
BRDA:76,6,0,21
BRDA:76,6,1,21
BRDA:76,6,2,13
BRDA:76,6,3,13
BRDA:80,7,0,17
BRDA:80,7,1,0
BRDA:85,8,0,8
BRDA:85,8,1,1
BRDA:85,9,0,9
BRDA:85,9,1,1
BRDA:85,9,2,1
BRDA:90,10,0,2
BRDA:90,10,1,2
BRDA:106,11,0,150
BRDA:106,11,1,12
BRDA:122,12,0,4211
BRDA:122,12,1,3982
BRDA:132,13,0,256
BRDA:132,13,1,88
BRDA:151,14,0,24
BRDA:151,14,1,12
BRDA:151,15,0,36
BRDA:151,15,1,15
BRDA:167,16,0,22
BRDA:167,16,1,11
BRDA:174,17,0,11
BRDA:174,17,1,20
BRDA:178,18,0,4
BRDA:178,18,1,7
BRDA:180,19,0,0
BRDA:180,19,1,4
BRDA:183,20,0,0
BRDA:183,20,1,7
BRDA:191,21,0,0
BRDA:191,21,1,3
BRDA:201,22,0,1
BRDA:201,22,1,78
BRDA:205,23,0,5
BRDA:205,23,1,73
BRDA:205,24,0,78
BRDA:205,24,1,75
BRDA:208,25,0,69
BRDA:208,25,1,9
BRDA:208,26,0,78
BRDA:208,26,1,75
BRDA:209,27,0,5
BRDA:209,27,1,64
BRDA:210,28,0,4
BRDA:210,28,1,68
BRDA:210,29,0,72
BRDA:210,29,1,65
BRDA:217,30,0,16
BRDA:217,30,1,53
BRDA:228,31,0,33
BRDA:228,31,1,71
BRDA:228,32,0,104
BRDA:228,32,1,71
BRDA:232,33,0,63
BRDA:232,33,1,11
BRDA:232,34,0,74
BRDA:232,34,1,72
BRDA:232,34,2,68
BRDA:240,35,0,0
BRDA:240,35,1,76
BRDA:252,36,0,14
BRDA:252,36,1,57
BRDA:285,37,0,64
BRDA:285,37,1,22
BRDA:285,38,0,86
BRDA:285,38,1,34
BRDA:291,39,0,4
BRDA:291,39,1,48
BRDA:291,40,0,52
BRDA:291,40,1,52
BRDA:301,41,0,46
BRDA:301,41,1,28
BRDA:303,42,0,4
BRDA:303,42,1,42
BRDA:315,43,0,70
BRDA:315,43,1,4
BRDA:319,44,0,42
BRDA:319,44,1,28
BRDA:321,45,0,2
BRDA:321,45,1,40
BRDA:322,46,0,0
BRDA:322,46,1,2
BRDA:325,47,0,40
BRDA:325,47,1,0
BRDA:327,48,0,2
BRDA:327,48,1,38
BRDA:329,49,0,40
BRDA:329,49,1,6
BRDA:331,50,0,34
BRDA:331,50,1,6
BRDA:339,51,0,0
BRDA:339,51,1,28
BRDA:340,52,0,0
BRDA:340,52,1,0
BRDA:349,53,0,12
BRDA:349,53,1,2
BRDA:350,54,0,0
BRDA:350,54,1,12
BRDA:367,55,0,4432
BRDA:367,55,1,4203
BRDA:375,56,0,200
BRDA:375,56,1,32
BRDA:376,57,0,197
BRDA:376,57,1,3
BRDA:379,58,0,11
BRDA:379,58,1,189
BRDA:390,59,0,95
BRDA:390,59,1,94
BRDA:392,60,0,55
BRDA:392,60,1,40
BRDA:411,61,0,16
BRDA:411,61,1,0
BRDA:411,62,0,16
BRDA:411,62,1,0
BRDA:414,63,0,16
BRDA:414,63,1,0
BRDA:417,64,0,0
BRDA:417,64,1,0
BRDA:419,65,0,0
BRDA:419,65,1,0
BRDA:436,66,0,1
BRDA:436,66,1,105
BRDA:438,67,0,4
BRDA:438,67,1,101
BRDA:438,68,0,105
BRDA:438,68,1,101
BRDA:438,68,2,101
BRDA:445,69,0,50
BRDA:445,69,1,56
BRDA:450,70,0,42
BRDA:450,70,1,64
BRDA:452,71,0,4
BRDA:452,71,1,60
BRDA:458,72,0,101
BRDA:458,72,1,5
BRDA:458,73,0,106
BRDA:458,73,1,106
BRDA:458,73,2,106
BRDA:460,74,0,98
BRDA:460,74,1,61
BRDA:460,74,2,55
BRDA:460,74,3,53
BRDA:460,74,4,52
BRDA:460,74,5,52
BRDA:460,74,6,7
BRDA:462,75,0,0
BRDA:462,75,1,101
BRDA:467,76,0,6
BRDA:467,76,1,95
BRDA:472,77,0,2
BRDA:472,77,1,99
BRDA:477,78,0,1
BRDA:477,78,1,100
BRDA:482,79,0,0
BRDA:482,79,1,101
BRDA:487,80,0,5
BRDA:487,80,1,96
BRDA:487,81,0,101
BRDA:487,81,1,7
BRDA:496,82,0,7
BRDA:496,82,1,94
BRDA:499,83,0,2
BRDA:499,83,1,5
BRDA:501,84,0,4
BRDA:501,84,1,1
BRDA:504,85,0,1
BRDA:504,85,1,0
BRDA:504,86,0,1
BRDA:504,86,1,1
BRDA:519,87,0,42
BRDA:519,87,1,32
BRDA:521,88,0,42
BRDA:521,88,1,0
BRDA:527,89,0,74
BRDA:527,89,1,36
BRDA:528,90,0,74
BRDA:528,90,1,36
BRDA:530,91,0,32
BRDA:530,91,1,42
BRDA:532,92,0,32
BRDA:532,92,1,10
BRDA:534,93,0,10
BRDA:534,93,1,22
BRDA:537,94,0,20
BRDA:537,94,1,10
BRDA:537,94,2,2
BRDA:538,95,0,20
BRDA:538,95,1,2
BRDA:539,96,0,10
BRDA:539,96,1,10
BRDA:539,97,0,20
BRDA:539,97,1,16
BRDA:540,98,0,2
BRDA:540,98,1,8
BRDA:544,99,0,0
BRDA:544,99,1,8
BRDA:545,100,0,0
BRDA:545,100,1,0
BRDA:554,101,0,16
BRDA:554,101,1,6
BRDA:560,102,0,2
BRDA:560,102,1,30
BRDA:561,103,0,2
BRDA:561,103,1,0
BRDA:563,104,0,2
BRDA:563,104,1,8
BRDA:564,105,0,2
BRDA:564,105,1,0
BRDA:565,106,0,0
BRDA:565,106,1,8
BRDA:565,107,0,8
BRDA:565,107,1,0
BRDA:566,108,0,0
BRDA:566,108,1,0
BRDA:575,109,0,2
BRDA:575,109,1,72
BRDA:575,110,0,74
BRDA:575,110,1,70
BRDA:579,111,0,0
BRDA:579,111,1,2
BRDA:584,112,0,0
BRDA:584,112,1,74
BRDA:584,113,0,74
BRDA:584,113,1,70
BRDA:589,114,0,0
BRDA:589,114,1,0
BRDA:595,115,0,2
BRDA:595,115,1,72
BRDA:595,116,0,74
BRDA:595,116,1,70
BRDA:600,117,0,2
BRDA:600,117,1,0
BRDA:605,118,0,0
BRDA:605,118,1,74
BRDA:605,119,0,74
BRDA:605,119,1,70
BRDA:610,120,0,0
BRDA:610,120,1,0
BRDA:615,121,0,10
BRDA:615,121,1,64
BRDA:616,122,0,0
BRDA:616,122,1,10
BRDA:621,123,0,6
BRDA:621,123,1,4
BRDA:622,124,0,4
BRDA:622,124,1,2
BRDA:627,125,0,2
BRDA:627,125,1,2
BRDA:628,126,0,2
BRDA:628,126,1,0
BRDA:634,127,0,2
BRDA:634,127,1,0
BRDA:634,128,0,2
BRDA:634,128,1,2
BRDA:638,129,0,2
BRDA:638,129,1,0
BRDA:642,130,0,0
BRDA:642,130,1,2
BRDA:680,131,0,4658
BRDA:680,131,1,4429
BRDA:687,132,0,134
BRDA:687,132,1,12
BRDA:692,133,0,140
BRDA:692,133,1,6
BRDA:693,134,0,12
BRDA:693,134,1,128
BRDA:697,135,0,120
BRDA:697,135,1,26
BRDA:697,136,0,146
BRDA:697,136,1,26
BRDA:698,137,0,0
BRDA:698,137,1,120
BRDA:699,138,0,120
BRDA:699,138,1,0
BRDA:702,139,0,120
BRDA:702,139,1,0
BRDA:710,140,0,4
BRDA:710,140,1,6
BRDA:713,141,0,9
BRDA:713,141,1,3
BRDA:713,142,0,12
BRDA:713,142,1,7
BRDA:723,143,0,1
BRDA:723,143,1,41
BRDA:728,144,0,38
BRDA:728,144,1,4
BRDA:728,145,0,42
BRDA:728,145,1,42
BRDA:736,146,0,1
BRDA:736,146,1,25
BRDA:740,147,0,2
BRDA:740,147,1,24
BRDA:741,148,0,194
BRDA:741,148,1,194
BRDA:743,149,0,0
BRDA:743,149,1,2
BRDA:757,150,0,4757
BRDA:757,150,1,4528
BRDA:766,151,0,58
BRDA:766,151,1,10
BRDA:768,152,0,1
BRDA:768,152,1,9
BRDA:786,153,0,1
BRDA:786,153,1,30
BRDA:804,154,0,8
BRDA:804,154,1,23
BRDA:816,155,0,9
BRDA:816,155,1,115
BRDA:829,156,0,8
BRDA:829,156,1,28
BRDA:832,157,0,8
BRDA:832,157,1,0
BRDA:839,158,0,14
BRDA:839,158,1,14
BRDA:842,159,0,14
BRDA:842,159,1,0
BRDA:851,160,0,18
BRDA:851,160,1,18
BRDA:854,161,0,18
BRDA:854,161,1,0
BRDA:863,162,0,144
BRDA:863,162,1,10
BRDA:864,163,0,10
BRDA:864,163,1,134
BRDA:865,164,0,2
BRDA:865,164,1,8
BRDA:865,165,0,10
BRDA:865,165,1,6
BRDA:867,166,0,2
BRDA:867,166,1,6
BRDA:867,167,0,8
BRDA:867,167,1,4
BRDA:887,168,0,4949
BRDA:887,168,1,4720
BRDA:894,169,0,112
BRDA:894,169,1,10
BRDA:894,170,0,122
BRDA:894,170,1,10
BRDA:895,171,0,112
BRDA:895,171,1,0
BRDA:898,172,0,112
BRDA:898,172,1,0
BRDA:903,173,0,122
BRDA:903,173,1,0
BRDA:905,174,0,10
BRDA:905,174,1,112
BRDA:909,175,0,122
BRDA:909,175,1,0
BRDA:910,176,0,0
BRDA:910,176,1,122
BRDA:917,177,0,9
BRDA:917,177,1,1
BRDA:920,178,0,18
BRDA:920,178,1,9
BRDA:920,179,0,27
BRDA:920,179,1,27
BRDA:920,179,2,18
BRDA:930,180,0,1
BRDA:930,180,1,36
BRDA:935,181,0,5
BRDA:935,181,1,32
BRDA:935,182,0,37
BRDA:935,182,1,35
BRDA:937,183,0,28
BRDA:937,183,1,4
BRDA:937,184,0,32
BRDA:937,184,1,32
BRDA:946,185,0,6
BRDA:946,185,1,14
BRDA:946,186,0,20
BRDA:946,186,1,18
BRDA:947,187,0,4
BRDA:947,187,1,2
BRDA:949,188,0,4
BRDA:949,188,1,0
BRDA:953,189,0,2
BRDA:953,189,1,0
BRDA:955,190,0,2
BRDA:955,190,1,12
BRDA:956,191,0,66
BRDA:956,191,1,66
BRDA:958,192,0,0
BRDA:958,192,1,2
BRDA:961,193,0,10
BRDA:961,193,1,2
BRDA:961,194,0,12
BRDA:961,194,1,10
BRDA:978,195,0,5030
BRDA:978,195,1,4801
BRDA:984,196,0,58
BRDA:984,196,1,2
BRDA:986,197,0,1
BRDA:986,197,1,1
BRDA:1000,198,0,7
BRDA:1000,198,1,0
BRDA:1000,199,0,7
BRDA:1000,199,1,7
BRDA:1010,200,0,1
BRDA:1010,200,1,20
BRDA:1022,201,0,8
BRDA:1022,201,1,13
BRDA:1042,202,0,6
BRDA:1042,202,1,14
BRDA:1045,203,0,6
BRDA:1045,203,1,0
BRDA:1050,204,0,4
BRDA:1050,204,1,10
BRDA:1053,205,0,4
BRDA:1053,205,1,0
BRDA:1062,206,0,20
BRDA:1062,206,1,0
BRDA:1065,207,0,20
BRDA:1065,207,1,0
BRDA:1087,208,0,5095
BRDA:1087,208,1,4866
BRDA:1091,209,0,42
BRDA:1091,209,1,1
BRDA:1097,210,0,40
BRDA:1097,210,1,3
BRDA:1115,211,0,1
BRDA:1115,211,1,15
BRDA:1121,212,0,11
BRDA:1121,212,1,5
BRDA:1128,213,0,8
BRDA:1128,213,1,8
BRDA:1142,214,0,16
BRDA:1142,214,1,2
BRDA:1145,215,0,16
BRDA:1145,215,1,0
BRDA:1150,216,0,2
BRDA:1150,216,1,0
BRDA:1156,217,0,10
BRDA:1156,217,1,8
BRDA:1159,218,0,10
BRDA:1159,218,1,0
BRDA:1164,219,0,6
BRDA:1164,219,1,2
BRDA:1183,220,0,5130
BRDA:1183,220,1,4901
BRDA:1187,221,0,3
BRDA:1187,221,1,16
BRDA:1197,222,0,3
BRDA:1197,222,1,3
BRDA:1200,223,0,4
BRDA:1200,223,1,2
BRDA:1200,224,0,6
BRDA:1200,224,1,5
BRDA:1202,225,0,1
BRDA:1202,225,1,1
BRDA:1227,226,0,1
BRDA:1227,226,1,9
BRDA:1229,227,0,0
BRDA:1229,227,1,9
BRDA:1229,228,0,9
BRDA:1229,228,1,9
BRDA:1229,228,2,9
BRDA:1232,229,0,9
BRDA:1232,229,1,0
BRDA:1236,230,0,7
BRDA:1236,230,1,3
BRDA:1238,231,0,2
BRDA:1238,231,1,1
BRDA:1238,232,0,3
BRDA:1238,232,1,2
BRDA:1240,233,0,2
BRDA:1240,233,1,0
BRDA:1249,234,0,9
BRDA:1249,234,1,1
BRDA:1251,235,0,0
BRDA:1251,235,1,9
BRDA:1253,236,0,7
BRDA:1253,236,1,2
BRDA:1255,237,0,2
BRDA:1255,237,1,0
BRDA:1255,238,0,2
BRDA:1255,238,1,2
BRDA:1264,239,0,9
BRDA:1264,239,1,1
BRDA:1264,240,0,10
BRDA:1264,240,1,10
BRDA:1264,240,2,9
BRDA:1267,241,0,9
BRDA:1267,241,1,2
BRDA:1284,242,0,6
BRDA:1284,242,1,14
BRDA:1288,243,0,20
BRDA:1288,243,1,18
BRDA:1288,243,2,10
BRDA:1289,244,0,20
BRDA:1289,244,1,10
BRDA:1290,245,0,14
BRDA:1290,245,1,6
BRDA:1290,246,0,20
BRDA:1290,246,1,16
BRDA:1291,247,0,14
BRDA:1291,247,1,0
BRDA:1291,248,0,14
BRDA:1291,248,1,14
BRDA:1292,249,0,8
BRDA:1292,249,1,6
BRDA:1296,250,0,0
BRDA:1296,250,1,6
BRDA:1297,251,0,0
BRDA:1297,251,1,0
BRDA:1303,252,0,4
BRDA:1303,252,1,2
BRDA:1306,253,0,2
BRDA:1306,253,1,2
BRDA:1306,254,0,4
BRDA:1306,254,1,2
BRF:524
BRH:445
end_of_record
TN:
SF:/home/andreas/work/unexpected-messy/lib/isRegExp.js
FN:1,isRegExp
FNF:1
FNH:1
FNDA:339,isRegExp
DA:1,1
DA:2,339
DA:3,339
DA:4,339
DA:6,0
DA:9,339
LF:6
LH:5
BRDA:9,1,0,339
BRDA:9,1,1,334
BRDA:9,1,2,0
BRDA:9,1,3,0
BRDA:9,1,4,0
BRDA:9,1,5,0
BRDA:9,1,6,0
BRF:7
BRH:2
end_of_record
